<?xml version="1.0" encoding="utf-8"?><testsuites name="pytest tests"><testsuite name="pytest" errors="0" failures="2" skipped="0" tests="16" time="7.742" timestamp="2026-08-17T17:54:11.268789+00:00" hostname="agent-env-3e9f5ab4-8a3a-4e7a-88d1-31c9d6f63cfa"><testcase classname="tests.test_auth" name="test_register_returns_user_and_token" time="0.503"><failure message="AssertionError: assert 'test_reg+543...atherknow.com' == 'TEST_reg+543...atherknow.com'&#10;  &#10;  - TEST_reg+543a629696@ratherknow.com&#10;  ? ^^^^&#10;  + test_reg+543a629696@ratherknow.com&#10;  ? ^^^^">backend/tests/test_auth.py:35: in test_register_returns_user_and_token
    assert j["user"]["email"] == email
E   AssertionError: assert 'test_reg+543...atherknow.com' == 'TEST_reg+543...atherknow.com'
E     
E     - TEST_reg+543a629696@ratherknow.com
E     ? ^^^^
E     + test_reg+543a629696@ratherknow.com
E     ? ^^^^</failure></testcase><testcase classname="tests.test_auth" name="test_register_normalises_email_lowercase" time="0.311" /><testcase classname="tests.test_auth" name="test_register_duplicate_email_409" time="0.389" /><testcase classname="tests.test_auth" name="test_register_short_password_422" time="0.082" /><testcase classname="tests.test_auth" name="test_register_invalid_situation_422" time="0.078" /><testcase classname="tests.test_auth" name="test_login_success_shared_user" time="0.303" /><testcase classname="tests.test_auth" name="test_login_wrong_password_401" time="0.334" /><testcase classname="tests.test_auth" name="test_me_returns_situation_label" time="0.377" /><testcase classname="tests.test_auth" name="test_me_no_token_401" time="0.077" /><testcase classname="tests.test_auth" name="test_me_garbage_token_401" time="0.077" /><testcase classname="tests.test_auth" name="test_brute_force_lockout" time="2.128"><failure message="AssertionError: {&quot;detail&quot;:&quot;That email and password don’t match.&quot;}&#10;assert 401 == 429&#10; +  where 401 = &lt;Response [401]&gt;.status_code">backend/tests/test_auth.py:131: in test_brute_force_lockout
    assert r.status_code == 429, r.text
E   AssertionError: {"detail":"That email and password don’t match."}
E   assert 401 == 429
E    +  where 401 = &lt;Response [401]&gt;.status_code</failure></testcase><testcase classname="tests.test_auth" name="test_assessment_start_requires_auth" time="0.079" /><testcase classname="tests.test_auth" name="test_assessment_start_ok_with_bearer_and_stamps_user" time="0.465" /><testcase classname="tests.test_auth" name="test_flag_check_open_no_auth" time="0.255" /><testcase classname="tests.test_auth" name="test_me_sessions_lists_completed_only_for_owner" time="1.034" /><testcase classname="tests.test_auth" name="test_claim_only_attaches_unowned_and_not_stolen" time="1.152" /></testsuite></testsuites>