<?xml version="1.0" encoding="utf-8"?><testsuites name="pytest tests"><testsuite name="pytest" errors="0" failures="0" skipped="0" tests="216" time="49.093" timestamp="2026-09-04T16:06:35.069449+00:00" hostname="agent-env-3e9f5ab4-8a3a-4e7a-88d1-31c9d6f63cfa"><testcase classname="tests.test_iteration6" name="test_bug3_personality_no_adjacent_same_factor" time="0.001" /><testcase classname="tests.test_iteration6" name="test_bug3_eq_no_adjacent_same_sub" time="0.000" /><testcase classname="tests.test_iteration6" name="test_bug3_essential_no_adjacent_same_category_within_lens" time="0.001" /><testcase classname="tests.test_iteration6" name="test_bug3_closeness_preserves_spec_order" time="0.000" /><testcase classname="tests.test_iteration6" name="test_bug3_order_stable_on_resume" time="1.169" /><testcase classname="tests.test_iteration6" name="test_bug1_choosing_block_present_all_four_result_endpoint" time="2.176" /><testcase classname="tests.test_iteration6" name="test_bug1_choosing_block_present_on_complete_endpoint" time="1.034" /><testcase classname="tests.test_pdf_report" name="test_pdf_401_without_token" time="3.885" /><testcase classname="tests.test_pdf_report" name="test_pdf_403_other_user" time="0.591" /><testcase classname="tests.test_iteration6" name="test_bug1_choosing_quotes_real_numbers" time="0.333" /><testcase classname="tests.test_pdf_report" name="test_pdf_404_unknown_session" time="0.146" /><testcase classname="tests.test_pdf_report" name="test_pdf_409_incomplete" time="0.279" /><testcase classname="tests.test_iteration6" name="test_bug1_choosing_not_stored_in_snapshot" time="0.008" /><testcase classname="tests.test_iteration6" name="test_bug1_choosing_in_per_result_pdf" time="0.393" /><testcase classname="tests.test_pdf_report" name="test_pdf_happy_path[essential]" time="0.176" /><testcase classname="tests.test_pdf_report" name="test_pdf_happy_path[personality]" time="0.214" /><testcase classname="tests.test_iteration6" name="test_bug1_choosing_in_combined_pdf" time="0.163" /><testcase classname="tests.test_iteration6" name="test_bug2_findings_return_agreements_and_synthesis" time="0.075" /><testcase classname="tests.test_pdf_report" name="test_pdf_happy_path[eq]" time="0.187" /><testcase classname="tests.test_iteration6" name="test_bug2_agreements_only_when_close" time="0.000" /><testcase classname="tests.test_iteration6" name="test_bug2_tensions_only_when_far" time="0.000" /><testcase classname="tests.test_iteration6" name="test_bug2_convergent_and_divergent_via_api" time="1.351" /><testcase classname="tests.test_pdf_report" name="test_pdf_happy_path[closeness]" time="0.289" /><testcase classname="tests.test_pdf_report" name="test_pdf_content_required[essential]" time="0.141" /><testcase classname="tests.test_pdf_report" name="test_pdf_content_required[personality]" time="0.149" /><testcase classname="tests.test_pdf_report" name="test_pdf_content_required[eq]" time="0.143" /><testcase classname="tests.test_pdf_report" name="test_pdf_content_required[closeness]" time="0.201" /><testcase classname="tests.test_pdf_report" name="test_pdf_forbidden_content[essential]" time="0.160" /><testcase classname="tests.test_pdf_report" name="test_pdf_forbidden_content[personality]" time="0.159" /><testcase classname="tests.test_iteration6" name="test_bug2_no_crosscheck_with_one_instrument" time="1.021" /><testcase classname="tests.test_pdf_report" name="test_pdf_forbidden_content[eq]" time="0.365" /><testcase classname="tests.test_pdf_report" name="test_pdf_forbidden_content[closeness]" time="0.121" /><testcase classname="tests.test_pdf_report" name="test_closeness_no_band_or_percentile" time="0.153" /><testcase classname="tests.test_pdf_report" name="test_essential_numbers_match" time="0.301" /><testcase classname="tests.test_pdf_report" name="test_eq_numbers_match" time="0.264" /><testcase classname="tests.test_iteration6" name="test_bug2_combined_pdf_has_agreement_finding_and_synthesis" time="0.093" /><testcase classname="tests.test_iteration6" name="test_regression_item_counts" time="0.001" /><testcase classname="tests.test_pdf_report" name="test_personality_numbers_match" time="0.421" /><testcase classname="tests.test_mirror_v2" name="test_instruments_list" time="0.506" /><testcase classname="tests.test_mirror_v2" name="test_essential_lifecycle" time="0.411" /><testcase classname="tests.test_pdf_report" name="test_closeness_numbers_match" time="0.277" /><testcase classname="tests.test_pdf_report" name="test_situation_framing_differs_numbers_same" time="3.526" /><testcase classname="tests.test_mirror_v2" name="test_personality_lifecycle" time="1.095" /><testcase classname="tests.test_mirror_v2" name="test_eq_lifecycle" time="0.485" /><testcase classname="tests.test_mirror_v2" name="test_closeness_lifecycle_no_bands" time="0.383" /><testcase classname="tests.test_mirror_v2" name="test_immutability_and_double_complete" time="0.493" /><testcase classname="tests.test_mirror_v2" name="test_unknown_instrument_404" time="0.089" /><testcase classname="tests.test_mirror_v2" name="test_out_of_range_value_400" time="0.220" /><testcase classname="tests.test_mirror_v2" name="test_put_on_completed_409" time="0.442" /><testcase classname="tests.test_mirror_v2" name="test_flag_check_result_shape_no_score" time="0.221" /><testcase classname="tests.test_pdf_report" name="test_essential_delta_wording_direction" time="1.559" /><testcase classname="tests.test_mirror_v2" name="test_flag_safety_yes" time="0.261" /><testcase classname="tests.test_mirror_v2" name="test_flag_safety_unsure" time="0.279" /><testcase classname="tests.test_mirror_v2" name="test_flag_insufficient" time="0.249" /><testcase classname="tests.test_mirror_v2" name="test_mirrors_summary_and_findings" time="1.055" /><testcase classname="tests.test_pdf_report" name="test_essential_flat_all_ones" time="0.780" /><testcase classname="tests.test_mirror_v2" name="test_findings_empty_below_two" time="0.402" /><testcase classname="tests.test_mirror_v2" name="test_everyday_lifecycle" time="0.347" /><testcase classname="tests.test_pdf_report" name="test_essential_flat_all_fives" time="0.757" /><testcase classname="tests.test_mirror_v2" name="test_everyday_items_are_forced_choice_pairs" time="0.158" /><testcase classname="tests.test_mirror_v2" name="test_everyday_side_map_is_stored_and_randomised" time="0.334" /><testcase classname="tests.test_pdf_report" name="test_personality_flagged_validity" time="1.336" /><testcase classname="tests.test_iteration5" name="test_combined_pdf_401_no_token" time="0.126" /><testcase classname="tests.test_iteration5" name="test_combined_pdf_409_when_no_completions" time="0.492" /><testcase classname="tests.test_iteration5" name="test_combined_pdf_one_instrument_shape" time="0.769" /><testcase classname="tests.test_auth" name="test_register_returns_user_and_token" time="0.367" /><testcase classname="tests.test_auth" name="test_register_normalises_email_lowercase" time="0.485" /><testcase classname="tests.test_auth" name="test_register_duplicate_email_409" time="0.387" /><testcase classname="tests.test_auth" name="test_register_short_password_422" time="0.118" /><testcase classname="tests.test_auth" name="test_register_invalid_situation_422" time="0.127" /><testcase classname="tests.test_auth" name="test_login_success_shared_user" time="0.304" /><testcase classname="tests.test_auth" name="test_login_wrong_password_401" time="0.312" /><testcase classname="tests.test_auth" name="test_me_returns_situation_label" time="0.395" /><testcase classname="tests.test_auth" name="test_me_no_token_401" time="0.080" /><testcase classname="tests.test_auth" name="test_me_garbage_token_401" time="0.082" /><testcase classname="tests.test_auth" name="test_brute_force_lockout" time="1.951" /><testcase classname="tests.test_iteration5" name="test_combined_pdf_four_instruments" time="3.288" /><testcase classname="tests.test_iteration5" name="test_combined_pdf_crosscheck_matches_findings_endpoint" time="0.574" /><testcase classname="tests.test_iteration5" name="test_combined_pdf_numbers_match_result" time="0.602" /><testcase classname="tests.test_iteration5" name="test_combined_pdf_dedupes_to_most_recent" time="1.187" /><testcase classname="tests.test_auth" name="test_assessment_start_requires_auth" time="0.083" /><testcase classname="tests.test_auth" name="test_assessment_start_ok_with_bearer_and_stamps_user" time="0.692" /><testcase classname="tests.test_auth" name="test_flag_check_open_no_auth" time="0.281" /><testcase classname="tests.test_auth" name="test_me_sessions_lists_completed_only_for_owner" time="1.404" /><testcase classname="tests.test_iteration5" name="test_combined_pdf_no_cross_user_leak" time="2.287" /><testcase classname="tests.test_auth" name="test_claim_only_attaches_unowned_and_not_stolen" time="1.434" /><testcase classname="tests.test_iteration5" name="test_situation_patch_401_no_token" time="0.140" /><testcase classname="tests.test_iteration5" name="test_situation_patch_400_invalid_value" time="0.747" /><testcase classname="test_everyday" name="test_bank_shape" time="0.000" /><testcase classname="test_everyday" name="test_pretest_is_declared_outstanding" time="0.000" /><testcase classname="test_everyday" name="test_block_a_positions_run_0_to_4" time="0.000" /><testcase classname="test_everyday" name="test_side_map_maps_choices_back_to_poles" time="0.000" /><testcase classname="test_everyday" name="test_two_two_split_is_undifferentiated_not_a_midpoint" time="0.000" /><testcase classname="test_everyday" name="test_block_b_wins_sum_to_21" time="0.000" /><testcase classname="test_everyday" name="test_a_transitive_ordering_has_no_circular_triads" time="0.000" /><testcase classname="test_everyday" name="test_circular_triads_are_detected_and_flagged" time="0.000" /><testcase classname="test_everyday" name="test_zeta_arithmetic" time="0.000" /><testcase classname="test_everyday" name="test_side_bias_flag" time="0.000" /><testcase classname="test_everyday" name="test_time_floor_flag" time="0.000" /><testcase classname="test_everyday" name="test_thin_domain_is_not_scored" time="0.000" /><testcase classname="test_everyday" name="test_the_map_names_the_four_corners" time="0.000" /><testcase classname="test_everyday" name="test_no_compatibility_score_or_norms_anywhere" time="0.000" /><testcase classname="test_everyday" name="test_no_item_id_contains_a_dot" time="0.000" /><testcase classname="tests.test_iteration3" name="test_forgot_password_returns_sent_true_for_existing_user" time="0.724" /><testcase classname="tests.test_iteration5" name="test_situation_patch_valid_values[single_dating-Single &amp; dating]" time="1.089" /><testcase classname="tests.test_iteration3" name="test_forgot_password_no_enumeration" time="0.068" /><testcase classname="tests.test_iteration3" name="test_reset_password_garbage_token_400" time="0.135" /><testcase classname="tests.test_iteration3" name="test_reset_password_expired_token_400" time="0.528" /><testcase classname="tests.test_iteration3" name="test_reset_password_happy_path_and_single_use" time="1.819" /><testcase classname="tests.test_iteration5" name="test_situation_patch_valid_values[in_relationship-In a relationship]" time="1.325" /><testcase classname="tests.test_iteration5" name="test_situation_patch_valid_values[post_breakup-Post-breakup]" time="1.605" /><testcase classname="tests.test_iteration3" name="test_reset_clears_lockout" time="2.903" /><testcase classname="tests.test_iteration5" name="test_situation_switch_does_not_rescore" time="1.805" /><testcase classname="tests.test_iteration3" name="test_ownership_403_on_responses" time="0.931" /><testcase classname="tests.test_iteration5" name="test_situation_switch_reframes_per_result_pdf" time="1.712" /><testcase classname="tests.test_iteration3" name="test_ownership_403_on_complete" time="0.833" /><testcase classname="tests.test_iteration5" name="test_situation_switch_reframes_combined_pdf" time="2.307" /><testcase classname="tests.test_iteration3" name="test_ownership_403_on_result_fetch" time="1.155" /><testcase classname="tests.test_iteration3" name="test_scoring_independent_of_situation[essential]" time="2.022" /><testcase classname="test_mrd" name="test_sem_and_mrd_arithmetic" time="0.000" /><testcase classname="test_mrd" name="test_thresholds_match_the_published_profile" time="0.000" /><testcase classname="test_mrd" name="test_placeholder_alpha_is_declared" time="0.000" /><testcase classname="test_mrd" name="test_pairwise_gate" time="0.000" /><testcase classname="test_mrd" name="test_flat_profile_gate" time="0.000" /><testcase classname="test_mrd" name="test_distinctiveness_gate" time="0.000" /><testcase classname="test_mrd" name="test_the_whole_reference_profile_collapses_into_one_cluster" time="0.000" /><testcase classname="test_mrd" name="test_clusters_split_when_a_gap_clears_the_threshold" time="0.000" /><testcase classname="test_mrd" name="test_build_mrd_runs_in_shadow_mode_and_suppresses_nothing" time="0.000" /><testcase classname="test_mrd" name="test_build_mrd_returns_none_for_unrankable_instruments" time="0.000" /><testcase classname="test_rk_spec" name="test_the_spec_is_not_published" time="0.000" /><testcase classname="test_rk_spec" name="test_instrument_table_matches_the_code" time="0.001" /><testcase classname="test_rk_spec" name="test_mrd_thresholds_match_the_engine" time="0.000" /><testcase classname="test_rk_spec" name="test_version_stamps_match_the_code" time="0.000" /><testcase classname="test_rk_spec" name="test_situations_match_the_code" time="0.000" /><testcase classname="test_rk_spec" name="test_collections_named_in_the_spec_are_the_ones_in_use" time="0.001" /><testcase classname="test_rk_spec" name="test_the_defect_register_is_present_and_ordered" time="0.000" /><testcase classname="test_rk_spec" name="test_flag_check_counts_and_constraint" time="0.000" /><testcase classname="test_rk_spec" name="test_no_payment_integration_is_claimed" time="0.000" /><testcase classname="test_archetype_docs" name="test_the_internal_spec_is_not_published" time="0.000" /><testcase classname="test_archetype_docs" name="test_the_guide_does_not_leak_the_internal_findings" time="0.000" /><testcase classname="test_archetype_docs" name="test_the_guide_names_all_six_archetypes_as_shipped" time="0.000" /><testcase classname="test_archetype_docs" name="test_the_guide_shadow_map_matches_the_code" time="0.001" /><testcase classname="test_archetype_docs" name="test_the_guide_counter_types_match_the_code" time="0.000" /><testcase classname="test_archetype_docs" name="test_the_guide_refuses_what_the_product_refuses" time="0.000" /><testcase classname="test_archetype_docs" name="test_the_spec_records_the_three_defects_and_the_naming_risk" time="0.000" /><testcase classname="test_archetype_docs" name="test_the_spec_overlap_table_matches_the_code" time="0.000" /><testcase classname="test_display" name="test_sten_pct_matches_the_normal_curve" time="0.000" /><testcase classname="test_display" name="test_the_two_corrected_cells" time="0.000" /><testcase classname="test_display" name="test_fractions_are_rounded_never_decimal" time="0.000" /><testcase classname="test_display" name="test_commonness_direction_follows_the_midpoint" time="0.000" /><testcase classname="test_display" name="test_commonness_sentence_names_the_pole_not_a_grade" time="0.000" /><testcase classname="test_display" name="test_composites_are_refused" time="0.000" /><testcase classname="test_display" name="test_clamped_values_are_refused" time="0.000" /><testcase classname="test_display" name="test_out_of_range_is_refused" time="0.000" /><testcase classname="tests.test_composites" name="test_equations_unchanged" time="0.000" /><testcase classname="tests.test_composites" name="test_gains_remain_uncalibrated" time="0.000" /><testcase classname="tests.test_composites" name="test_reference_profile_reproduces" time="0.000" /><testcase classname="tests.test_composites" name="test_self_control_is_low_for_reference_profile" time="0.000" /><testcase classname="tests.test_composites" name="test_provenance_exposes_every_contribution" time="0.000" /><testcase classname="tests.test_composites" name="test_clamping_is_recorded_not_silent" time="0.000" /><testcase classname="tests.test_composites" name="test_unclamped_globals_carry_no_clamp_flag" time="0.000" /><testcase classname="tests.test_iteration7_composites_api" name="test_personality_result_has_composites" time="0.652" /><testcase classname="tests.test_iteration7_composites_api" name="test_every_contribution_has_required_fields" time="0.145" /><testcase classname="tests.test_iteration7_composites_api" name="test_contributions_sum_matches_score_precise" time="0.135" /><testcase classname="tests.test_iteration3" name="test_scoring_independent_of_situation[personality]" time="2.052" /><testcase classname="tests.test_iteration7_composites_api" name="test_residual_flags_and_polarity" time="0.260" /><testcase classname="tests.test_iteration7_composites_api" name="test_composites_not_persisted_in_mongo" time="0.004" /><testcase classname="tests.test_iteration7_composites_api" name="test_no_composites_on_other_instruments" time="0.759" /><testcase classname="tests.test_iteration7_composites_api" name="test_arithmetic_reproduces_user_reference" time="0.000" /><testcase classname="test_copy_lint" name="test_lint_scope_is_not_empty" time="0.000" /><testcase classname="test_copy_lint" name="test_lint_scope_covers_every_backend_module" time="0.000" /><testcase classname="test_copy_lint" name="test_required_modules_still_resolve" time="0.000" /><testcase classname="test_copy_lint" name="test_no_prediction_verbs_in_narrative" time="0.073" /><testcase classname="test_copy_lint" name="test_no_claims_about_a_third_party" time="0.047" /><testcase classname="test_copy_lint" name="test_no_guarantee_language_while_alpha_is_placeholder" time="0.006" /><testcase classname="test_copy_lint" name="test_no_canned_string_renders_twice" time="0.000" /><testcase classname="test_workorder_a" name="test_oversized_unauthenticated_body_is_refused" time="0.011" /><testcase classname="test_workorder_a" name="test_unauthenticated_writes_all_carry_a_limiter" time="0.000" /><testcase classname="test_workorder_a" name="test_blend_matrix_is_the_only_name_in_the_data" time="0.000" /><testcase classname="test_workorder_a" name="test_blend_read_still_produces_the_same_pair_output" time="0.000" /><testcase classname="test_workorder_a" name="test_reverse_key_guard_rejects_a_new_orphan" time="0.000" /><testcase classname="test_workorder_a" name="test_reverse_key_guard_passes_on_shipped_data" time="0.000" /><testcase classname="test_workorder_a" name="test_the_only_acknowledged_orphan_is_diplomat_24" time="0.000" /><testcase classname="test_workorder_b" name="test_personality_instructions_name_the_factors_that_are_scored" time="0.000" /><testcase classname="test_workorder_b" name="test_personality_scope_copy_matches_the_locked_register" time="0.000" /><testcase classname="test_workorder_b" name="test_mrd_in_sd_units_is_equal_for_scale_sets_sharing_an_alpha" time="0.000" /><testcase classname="test_workorder_b" name="test_every_evaluated_scale_set_reports_both_units" time="0.000" /><testcase classname="test_workorder_b" name="test_diagnostics_report_a_rate_per_scale_set" time="0.000" /><testcase classname="test_workorder_b" name="test_the_norms_provenance_finding_is_on_the_record" time="0.000" /><testcase classname="test_workorder_b" name="test_the_snapshot_still_carries_no_population_metadata" time="0.000" /><testcase classname="tests.test_iteration9.TestEverydayMirror" name="test_start_returns_49_forced_choice_items" time="0.485" /><testcase classname="tests.test_iteration9.TestEverydayMirror" name="test_reject_dotted_item_id" time="0.331" /><testcase classname="tests.test_iteration9.TestEverydayMirror" name="test_side_map_stable_within_session_random_across" time="0.909" /><testcase classname="tests.test_iteration3" name="test_scoring_independent_of_situation[eq]" time="1.906" /><testcase classname="tests.test_iteration9.TestEverydayMirror" name="test_complete_coherent_produces_scored_positions" time="0.901" /><testcase classname="tests.test_ratelimit" name="test_a_single_flag_check_is_unaffected" time="0.159" /><testcase classname="tests.test_iteration3" name="test_scoring_independent_of_situation[closeness]" time="1.867" /><testcase classname="tests.test_ratelimit" name="test_the_window_closes_after_the_threshold" time="3.039" /><testcase classname="test_immutability" name="test_first_render_is_snapshotted_and_later_reads_serve_it" time="0.009" /><testcase classname="test_immutability" name="test_display_version_bump_leaves_the_existing_snapshot_untouched" time="0.010" /><testcase classname="test_immutability" name="test_pdf_bytes_are_stored_on_first_build_and_served_after" time="0.008" /><testcase classname="test_immutability" name="test_combined_pdf_is_invalidated_but_single_reports_are_not" time="0.012" /><testcase classname="tests.test_iteration9.TestSnapshotImmutability" name="test_pdf_bytes_identical_on_two_fetches" time="0.661" /><testcase classname="tests.test_iteration9.TestSnapshotImmutability" name="test_result_json_identical_on_two_fetches" time="0.320" /><testcase classname="tests.test_iteration9.TestSnapshotImmutability" name="test_situation_switch_changes_pdf_then_restores" time="0.860" /><testcase classname="tests.test_ratelimit" name="test_a_different_origin_is_not_punished_for_it" time="2.433" /><testcase classname="tests.test_iteration9.TestAuthOwnership" name="test_anon_start_401" time="0.155" /><testcase classname="tests.test_iteration9.TestAuthOwnership" name="test_cross_user_403_result" time="0.558" /><testcase classname="tests.test_iteration9.TestAuthOwnership" name="test_cross_user_403_pdf" time="0.142" /><testcase classname="tests.test_iteration9.TestPartners" name="test_audience_options" time="0.162" /><testcase classname="tests.test_iteration9.TestPartners" name="test_apply_success_and_rate_limit_and_invalid_audience" time="0.908" /><testcase classname="tests.test_ratelimit" name="test_an_oversized_body_is_refused" time="0.103" /><testcase classname="test_locked_copy" name="test_locked_copy_hashes_unchanged" time="0.001" /><testcase classname="test_locked_copy" name="test_validated_only_for_established_instruments" time="0.002" /><testcase classname="tests.test_iteration9.TestCommonness" name="test_personality_result_has_commonness_no_sten_in_factors" time="0.505" /><testcase classname="tests.test_iteration9.TestCommonness" name="test_globals_have_no_commonness_but_position_label" time="0.125" /></testsuite></testsuites>