<?xml version="1.0" encoding="utf-8"?><testsuites name="pytest tests"><testsuite name="pytest" errors="0" failures="1" skipped="0" tests="13" time="3.287" timestamp="2026-09-07T18:31:33.643592+00:00" hostname="agent-env-3e9f5ab4-8a3a-4e7a-88d1-31c9d6f63cfa"><testcase classname="tests.test_iteration15.TestTiedEssentialResult" name="test_result_returns_tie_block_both_lenses" time="0.700" /><testcase classname="tests.test_iteration15.TestTiedEssentialResult" name="test_result_is_deterministic_across_calls" time="0.150" /><testcase classname="tests.test_iteration15.TestTiedPdfAndProse" name="test_report_pdf_renders_and_is_pdf" time="0.802" /><testcase classname="tests.test_iteration15.TestTiedPdfAndProse" name="test_result_has_choosing_prose_naming_both" time="0.108" /><testcase classname="tests.test_iteration15.TestTiedPdfAndProse" name="test_result_has_no_banned_of_10_phrase_regression" time="0.317" /><testcase classname="tests.test_iteration15.TestTiedEssentialResult" name="test_ownership_enforced_on_result" time="0.443" /><testcase classname="tests.test_iteration15.TestTiedEssentialResult" name="test_ownership_enforced_on_report_pdf" time="0.105" /><testcase classname="tests.test_iteration15.TestEssentialTieAPIContract" name="test_new_essential_all_3s_produces_tied_result" time="0.709" /><testcase classname="tests.test_iteration15.TestRegressionOtherInstruments" name="test_ui_demo_has_completed_all_four" time="0.464" /><testcase classname="tests.test_iteration15.TestRegressionOtherInstruments" name="test_combined_pdf_renders" time="0.253" /><testcase classname="tests.test_iteration15.TestRegressionOtherInstruments" name="test_each_instrument_result_still_returns_200" time="0.636" /><testcase classname="tests.test_iteration15.TestJunctionCheckAnonymous" name="test_full_junction_flow" time="0.271"><failure message="AssertionError: {&quot;detail&quot;:[{&quot;type&quot;:&quot;list_type&quot;,&quot;loc&quot;:[&quot;body&quot;,&quot;answers&quot;],&quot;msg&quot;:&quot;Input should be a valid list&quot;,&quot;input&quot;:{&quot;j1&quot;:&quot;no&quot;,&quot;j2&quot;:&quot;no&quot;,&quot;j3&quot;:&quot;no&quot;,&quot;j4&quot;:&quot;no&quot;,&quot;j5&quot;:&quot;no&quot;,&quot;j6&quot;:&quot;no&quot;,&quot;j2b&quot;:&quot;no&quot;},&quot;url&quot;:&quot;https://errors.pydantic.dev/2.13/v/list_type&quot;}]}&#10;assert 422 in (200, 400)&#10; +  where 422 = &lt;Response [422]&gt;.status_code">backend/tests/test_iteration15.py:202: in test_full_junction_flow
    assert r.status_code in (200, 400), r.text
E   AssertionError: {"detail":[{"type":"list_type","loc":["body","answers"],"msg":"Input should be a valid list","input":{"j1":"no","j2":"no","j3":"no","j4":"no","j5":"no","j6":"no","j2b":"no"},"url":"https://errors.pydantic.dev/2.13/v/list_type"}]}
E   assert 422 in (200, 400)
E    +  where 422 = &lt;Response [422]&gt;.status_code</failure></testcase><testcase classname="tests.test_iteration15.TestFlagCheckAnonymous" name="test_flag_reflection_start_and_complete" time="0.349" /></testsuite></testsuites>