<?xml version="1.0" encoding="utf-8"?><testsuites name="pytest tests"><testsuite name="pytest" errors="0" failures="0" skipped="0" tests="44" time="28.778" timestamp="2026-08-17T18:28:54.636842+00:00" hostname="agent-env-3e9f5ab4-8a3a-4e7a-88d1-31c9d6f63cfa"><testcase classname="tests.test_auth" name="test_register_returns_user_and_token" time="0.419" /><testcase classname="tests.test_auth" name="test_register_normalises_email_lowercase" time="0.312" /><testcase classname="tests.test_auth" name="test_register_duplicate_email_409" time="0.402" /><testcase classname="tests.test_auth" name="test_register_short_password_422" time="0.093" /><testcase classname="tests.test_auth" name="test_register_invalid_situation_422" time="0.084" /><testcase classname="tests.test_auth" name="test_login_success_shared_user" time="0.319" /><testcase classname="tests.test_auth" name="test_login_wrong_password_401" time="0.309" /><testcase classname="tests.test_auth" name="test_me_returns_situation_label" time="0.390" /><testcase classname="tests.test_auth" name="test_me_no_token_401" time="0.083" /><testcase classname="tests.test_auth" name="test_me_garbage_token_401" time="0.085" /><testcase classname="tests.test_auth" name="test_brute_force_lockout" time="1.948" /><testcase classname="tests.test_auth" name="test_assessment_start_requires_auth" time="0.091" /><testcase classname="tests.test_auth" name="test_assessment_start_ok_with_bearer_and_stamps_user" time="0.485" /><testcase classname="tests.test_auth" name="test_flag_check_open_no_auth" time="0.266" /><testcase classname="tests.test_auth" name="test_me_sessions_lists_completed_only_for_owner" time="1.062" /><testcase classname="tests.test_auth" name="test_claim_only_attaches_unowned_and_not_stolen" time="1.170" /><testcase classname="tests.test_iteration3" name="test_forgot_password_returns_sent_true_for_existing_user" time="0.696" /><testcase classname="tests.test_iteration3" name="test_forgot_password_no_enumeration" time="0.168" /><testcase classname="tests.test_iteration3" name="test_reset_password_garbage_token_400" time="0.080" /><testcase classname="tests.test_iteration3" name="test_reset_password_expired_token_400" time="0.393" /><testcase classname="tests.test_iteration3" name="test_reset_password_happy_path_and_single_use" time="1.317" /><testcase classname="tests.test_iteration3" name="test_reset_clears_lockout" time="2.604" /><testcase classname="tests.test_iteration3" name="test_ownership_403_on_responses" time="0.791" /><testcase classname="tests.test_iteration3" name="test_ownership_403_on_complete" time="0.843" /><testcase classname="tests.test_iteration3" name="test_ownership_403_on_result_fetch" time="0.950" /><testcase classname="tests.test_iteration3" name="test_scoring_independent_of_situation[essential]" time="1.994" /><testcase classname="tests.test_iteration3" name="test_scoring_independent_of_situation[personality]" time="1.951" /><testcase classname="tests.test_iteration3" name="test_scoring_independent_of_situation[eq]" time="1.922" /><testcase classname="tests.test_iteration3" name="test_scoring_independent_of_situation[closeness]" time="1.974" /><testcase classname="tests.test_mirror_v2" name="test_instruments_list" time="0.510" /><testcase classname="tests.test_mirror_v2" name="test_essential_lifecycle" time="0.373" /><testcase classname="tests.test_mirror_v2" name="test_personality_lifecycle" time="0.453" /><testcase classname="tests.test_mirror_v2" name="test_eq_lifecycle" time="0.440" /><testcase classname="tests.test_mirror_v2" name="test_closeness_lifecycle_no_bands" time="0.294" /><testcase classname="tests.test_mirror_v2" name="test_immutability_and_double_complete" time="0.528" /><testcase classname="tests.test_mirror_v2" name="test_unknown_instrument_404" time="0.075" /><testcase classname="tests.test_mirror_v2" name="test_out_of_range_value_400" time="0.147" /><testcase classname="tests.test_mirror_v2" name="test_put_on_completed_409" time="0.353" /><testcase classname="tests.test_mirror_v2" name="test_flag_check_result_shape_no_score" time="0.234" /><testcase classname="tests.test_mirror_v2" name="test_flag_safety_yes" time="0.227" /><testcase classname="tests.test_mirror_v2" name="test_flag_safety_unsure" time="0.216" /><testcase classname="tests.test_mirror_v2" name="test_flag_insufficient" time="0.252" /><testcase classname="tests.test_mirror_v2" name="test_mirrors_summary_and_findings" time="0.948" /><testcase classname="tests.test_mirror_v2" name="test_findings_empty_below_two" time="0.392" /></testsuite></testsuites>