<?xml version="1.0" encoding="utf-8"?><testsuites name="pytest tests"><testsuite name="pytest" errors="0" failures="0" skipped="0" tests="129" time="1.023" timestamp="2026-09-04T17:02:03.807759+00:00" hostname="agent-env-3e9f5ab4-8a3a-4e7a-88d1-31c9d6f63cfa"><testcase classname="tests.test_archetype_docs" name="test_the_internal_spec_is_not_published" time="0.001" /><testcase classname="tests.test_archetype_docs" name="test_the_guide_does_not_leak_the_internal_findings" time="0.000" /><testcase classname="tests.test_archetype_docs" name="test_the_guide_names_all_six_archetypes_as_shipped" time="0.000" /><testcase classname="tests.test_archetype_docs" name="test_the_guide_shadow_map_matches_the_code" time="0.001" /><testcase classname="tests.test_archetype_docs" name="test_the_guide_counter_types_match_the_code" time="0.000" /><testcase classname="tests.test_archetype_docs" name="test_the_guide_refuses_what_the_product_refuses" time="0.000" /><testcase classname="tests.test_archetype_docs" name="test_the_spec_records_the_three_defects_and_the_naming_risk" time="0.000" /><testcase classname="tests.test_archetype_docs" name="test_the_spec_overlap_table_matches_the_code" time="0.000" /><testcase classname="tests.test_copy_lint" name="test_lint_scope_is_not_empty" time="0.000" /><testcase classname="tests.test_copy_lint" name="test_lint_scope_covers_every_backend_module" time="0.000" /><testcase classname="tests.test_copy_lint" name="test_required_modules_still_resolve" time="0.000" /><testcase classname="tests.test_copy_lint" name="test_no_prediction_verbs_in_narrative" time="0.068" /><testcase classname="tests.test_copy_lint" name="test_the_banks_are_in_scope" time="0.000" /><testcase classname="tests.test_copy_lint" name="test_no_claims_about_a_third_party" time="0.051" /><testcase classname="tests.test_copy_lint" name="test_no_guarantee_language_while_alpha_is_placeholder" time="0.006" /><testcase classname="tests.test_copy_lint" name="test_no_population_claims_while_norms_are_paused" time="0.065" /><testcase classname="tests.test_copy_lint" name="test_the_paused_population_layer_is_still_isolated" time="0.000" /><testcase classname="tests.test_copy_lint" name="test_no_canned_string_renders_twice" time="0.000" /><testcase classname="tests.test_display" name="test_sten_pct_matches_the_normal_curve" time="0.000" /><testcase classname="tests.test_display" name="test_the_two_corrected_cells" time="0.000" /><testcase classname="tests.test_display" name="test_fractions_are_rounded_never_decimal" time="0.000" /><testcase classname="tests.test_display" name="test_every_population_statement_is_refused_while_norms_are_paused" time="0.000" /><testcase classname="tests.test_display" name="test_the_population_layer_survives_intact_behind_the_switch" time="0.000" /><testcase classname="tests.test_display" name="test_composites_are_refused" time="0.000" /><testcase classname="tests.test_display" name="test_clamped_values_are_refused" time="0.000" /><testcase classname="tests.test_display" name="test_out_of_range_is_refused" time="0.000" /><testcase classname="tests.test_display" name="test_display_version_moved_with_the_pause" time="0.000" /><testcase classname="tests.test_everyday" name="test_bank_shape" time="0.000" /><testcase classname="tests.test_everyday" name="test_pretest_is_declared_outstanding" time="0.000" /><testcase classname="tests.test_everyday" name="test_block_a_positions_run_0_to_4" time="0.000" /><testcase classname="tests.test_everyday" name="test_side_map_maps_choices_back_to_poles" time="0.000" /><testcase classname="tests.test_everyday" name="test_two_two_split_is_undifferentiated_not_a_midpoint" time="0.000" /><testcase classname="tests.test_everyday" name="test_block_b_wins_sum_to_21" time="0.000" /><testcase classname="tests.test_everyday" name="test_a_transitive_ordering_has_no_circular_triads" time="0.000" /><testcase classname="tests.test_everyday" name="test_circular_triads_are_detected_and_flagged" time="0.000" /><testcase classname="tests.test_everyday" name="test_zeta_arithmetic" time="0.000" /><testcase classname="tests.test_everyday" name="test_side_bias_flag" time="0.000" /><testcase classname="tests.test_everyday" name="test_time_floor_flag" time="0.000" /><testcase classname="tests.test_everyday" name="test_thin_domain_is_not_scored" time="0.000" /><testcase classname="tests.test_everyday" name="test_the_map_names_the_four_corners" time="0.000" /><testcase classname="tests.test_everyday" name="test_no_compatibility_score_or_norms_anywhere" time="0.000" /><testcase classname="tests.test_everyday" name="test_no_item_id_contains_a_dot" time="0.000" /><testcase classname="tests.test_immutability" name="test_first_render_is_snapshotted_and_later_reads_serve_it" time="0.010" /><testcase classname="tests.test_immutability" name="test_display_version_bump_leaves_the_existing_snapshot_untouched" time="0.010" /><testcase classname="tests.test_immutability" name="test_pdf_bytes_are_stored_on_first_build_and_served_after" time="0.006" /><testcase classname="tests.test_immutability" name="test_combined_pdf_is_invalidated_but_single_reports_are_not" time="0.010" /><testcase classname="tests.test_junction_guards" name="test_g1_no_scoring_module_exists_for_this_instrument" time="0.000" /><testcase classname="tests.test_junction_guards" name="test_g1_the_route_imports_no_scorer" time="0.002" /><testcase classname="tests.test_junction_guards" name="test_g1_no_function_in_the_route_scores_anything" time="0.002" /><testcase classname="tests.test_junction_guards" name="test_g1_removing_the_guard_fails" time="0.000" /><testcase classname="tests.test_junction_guards" name="test_g2_the_document_has_exactly_one_owner_field" time="0.003" /><testcase classname="tests.test_junction_guards" name="test_g2_no_write_accepts_an_identity_from_the_caller" time="0.002" /><testcase classname="tests.test_junction_guards" name="test_g3_the_share_payload_contains_no_answers" time="0.003" /><testcase classname="tests.test_junction_guards" name="test_g3_the_share_route_takes_no_parameter" time="0.002" /><testcase classname="tests.test_junction_guards" name="test_g3_no_route_can_return_someone_elses_answers_to_a_sender" time="0.000" /><testcase classname="tests.test_junction_guards" name="test_g3_removing_the_guard_fails" time="0.000" /><testcase classname="tests.test_junction_guards" name="test_g4_the_bank_carries_no_alignment_language" time="0.000" /><testcase classname="tests.test_junction_guards" name="test_g4_the_route_copy_carries_no_alignment_language" time="0.004" /><testcase classname="tests.test_junction_guards" name="test_g4_the_page_carries_no_alignment_language" time="0.000" /><testcase classname="tests.test_junction_guards" name="test_g4_no_agreement_count_is_produced" time="0.004" /><testcase classname="tests.test_junction_guards" name="test_the_bank_has_six_items_and_no_scoring_key" time="0.000" /><testcase classname="tests.test_junction_guards" name="test_every_item_offers_an_honest_dont_know" time="0.000" /><testcase classname="tests.test_junction_guards" name="test_the_faith_item_never_asks_which_faith" time="0.000" /><testcase classname="tests.test_junction_guards" name="test_the_children_item_never_mentions_capability" time="0.000" /><testcase classname="tests.test_junction_guards" name="test_the_closing_line_is_hash_locked" time="0.000" /><testcase classname="tests.test_junction_guards" name="test_the_first_screen_tells_the_reader_not_to_answer_for_somebody_else" time="0.000" /><testcase classname="tests.test_junction_guards" name="test_the_finding_counts_unanswered_items_and_names_them" time="0.000" /><testcase classname="tests.test_junction_guards" name="test_all_six_answered_is_its_own_finding" time="0.000" /><testcase classname="tests.test_junction_guards" name="test_prefer_not_to_say_is_an_answer_not_a_gap" time="0.000" /><testcase classname="tests.test_junction_guards" name="test_the_finding_is_the_only_inference" time="0.000" /><testcase classname="tests.test_junction_guards" name="test_retention_is_ninety_days_and_the_job_exists" time="0.000" /><testcase classname="tests.test_junction_guards" name="test_the_purge_only_ever_touches_unclaimed_documents" time="0.000" /><testcase classname="tests.test_junction_guards" name="test_the_cron_is_declared_and_authenticated" time="0.000" /><testcase classname="tests.test_junction_guards" name="test_the_claim_path_is_reused_not_reinvented" time="0.003" /><testcase classname="tests.test_locked_copy" name="test_locked_copy_hashes_unchanged" time="0.001" /><testcase classname="tests.test_locked_copy" name="test_validated_only_for_established_instruments" time="0.000" /><testcase classname="tests.test_mrd" name="test_sem_and_mrd_arithmetic" time="0.000" /><testcase classname="tests.test_mrd" name="test_thresholds_match_the_published_profile" time="0.000" /><testcase classname="tests.test_mrd" name="test_placeholder_alpha_is_declared" time="0.000" /><testcase classname="tests.test_mrd" name="test_pairwise_gate" time="0.000" /><testcase classname="tests.test_mrd" name="test_flat_profile_gate" time="0.000" /><testcase classname="tests.test_mrd" name="test_distinctiveness_gate" time="0.000" /><testcase classname="tests.test_mrd" name="test_the_whole_reference_profile_collapses_into_one_cluster" time="0.000" /><testcase classname="tests.test_mrd" name="test_clusters_split_when_a_gap_clears_the_threshold" time="0.000" /><testcase classname="tests.test_mrd" name="test_build_mrd_runs_in_shadow_mode_and_suppresses_nothing" time="0.000" /><testcase classname="tests.test_mrd" name="test_build_mrd_returns_none_for_unrankable_instruments" time="0.000" /><testcase classname="tests.test_rk_spec" name="test_the_spec_is_not_published" time="0.000" /><testcase classname="tests.test_rk_spec" name="test_instrument_table_matches_the_code" time="0.001" /><testcase classname="tests.test_rk_spec" name="test_mrd_thresholds_match_the_engine" time="0.000" /><testcase classname="tests.test_rk_spec" name="test_version_stamps_match_the_code" time="0.000" /><testcase classname="tests.test_rk_spec" name="test_situations_match_the_code" time="0.000" /><testcase classname="tests.test_rk_spec" name="test_collections_named_in_the_spec_are_the_ones_in_use" time="0.001" /><testcase classname="tests.test_rk_spec" name="test_the_defect_register_is_present_and_ordered" time="0.000" /><testcase classname="tests.test_rk_spec" name="test_flag_check_counts_and_constraint" time="0.000" /><testcase classname="tests.test_rk_spec" name="test_no_payment_integration_is_claimed" time="0.000" /><testcase classname="tests.test_within_person" name="test_loudest_is_measured_from_the_readers_own_mean" time="0.000" /><testcase classname="tests.test_within_person" name="test_three_in_total_not_three_each_way" time="0.000" /><testcase classname="tests.test_within_person" name="test_ranking_is_on_absolute_distance_so_a_low_outlier_outranks_a_smaller_high_one" time="0.000" /><testcase classname="tests.test_within_person" name="test_a_high_score_in_a_high_profile_is_not_loud" time="0.000" /><testcase classname="tests.test_within_person" name="test_a_low_score_can_be_loud_upward" time="0.000" /><testcase classname="tests.test_within_person" name="test_the_floor_stops_noise_being_promoted" time="0.000" /><testcase classname="tests.test_within_person" name="test_the_floor_is_the_agreed_one_and_records_why" time="0.000" /><testcase classname="tests.test_within_person" name="test_ties_break_deterministically" time="0.000" /><testcase classname="tests.test_within_person" name="test_no_sentence_mentions_other_people" time="0.000" /><testcase classname="tests.test_within_person" name="test_no_ordinary_row_prints_a_distance" time="0.000" /><testcase classname="tests.test_within_person" name="test_no_sentence_carries_a_band_word_or_a_number" time="0.000" /><testcase classname="tests.test_within_person" name="test_the_sentence_names_the_pole_the_reader_leans_toward" time="0.000" /><testcase classname="tests.test_within_person" name="test_named_rows_say_so_in_the_approved_words" time="0.000" /><testcase classname="tests.test_within_person" name="test_build_position_is_versioned" time="0.000" /><testcase classname="tests.test_within_person" name="test_no_band_label_is_emitted_anywhere" time="0.000" /><testcase classname="tests.test_within_person" name="test_stens_and_raw_scores_are_untouched_by_the_pause" time="0.000" /><testcase classname="tests.test_within_person" name="test_extremes_come_from_within_profile_rank_not_a_sten_threshold" time="0.000" /><testcase classname="tests.test_within_person" name="test_a_uniformly_high_profile_names_no_extremes" time="0.000" /><testcase classname="tests.test_within_person" name="test_ei_reports_the_score_and_drops_the_grade" time="0.000" /><testcase classname="tests.test_workorder_a" name="test_oversized_unauthenticated_body_is_refused" time="0.000" /><testcase classname="tests.test_workorder_a" name="test_unauthenticated_writes_all_carry_a_limiter" time="0.000" /><testcase classname="tests.test_workorder_a" name="test_blend_matrix_is_the_only_name_in_the_data" time="0.000" /><testcase classname="tests.test_workorder_a" name="test_blend_read_still_produces_the_same_pair_output" time="0.000" /><testcase classname="tests.test_workorder_a" name="test_reverse_key_guard_rejects_a_new_orphan" time="0.000" /><testcase classname="tests.test_workorder_a" name="test_reverse_key_guard_passes_on_shipped_data" time="0.000" /><testcase classname="tests.test_workorder_a" name="test_no_orphaned_reverse_keys_remain" time="0.000" /><testcase classname="tests.test_workorder_a" name="test_dropping_diplomat_24_changed_no_score" time="0.000" /><testcase classname="tests.test_workorder_b" name="test_personality_instructions_name_the_factors_that_are_scored" time="0.000" /><testcase classname="tests.test_workorder_b" name="test_personality_scope_copy_matches_the_locked_register" time="0.000" /><testcase classname="tests.test_workorder_b" name="test_mrd_in_sd_units_is_equal_for_scale_sets_sharing_an_alpha" time="0.000" /><testcase classname="tests.test_workorder_b" name="test_every_evaluated_scale_set_reports_both_units" time="0.000" /><testcase classname="tests.test_workorder_b" name="test_diagnostics_report_a_rate_per_scale_set" time="0.000" /><testcase classname="tests.test_workorder_b" name="test_the_norms_provenance_finding_is_on_the_record" time="0.000" /><testcase classname="tests.test_workorder_b" name="test_the_snapshot_still_carries_no_population_metadata" time="0.000" /></testsuite></testsuites>