<?xml version="1.0" encoding="utf-8"?><testsuites name="pytest tests"><testsuite name="pytest" errors="0" failures="0" skipped="0" tests="70" time="48.109" timestamp="2026-08-18T14:02:42.190529+00:00" hostname="agent-env-3e9f5ab4-8a3a-4e7a-88d1-31c9d6f63cfa"><testcase classname="tests.test_auth" name="test_register_returns_user_and_token" time="0.507" /><testcase classname="tests.test_auth" name="test_register_normalises_email_lowercase" time="0.317" /><testcase classname="tests.test_auth" name="test_register_duplicate_email_409" time="0.402" /><testcase classname="tests.test_auth" name="test_register_short_password_422" time="0.087" /><testcase classname="tests.test_auth" name="test_register_invalid_situation_422" time="0.087" /><testcase classname="tests.test_auth" name="test_login_success_shared_user" time="0.314" /><testcase classname="tests.test_auth" name="test_login_wrong_password_401" time="0.311" /><testcase classname="tests.test_auth" name="test_me_returns_situation_label" time="0.391" /><testcase classname="tests.test_auth" name="test_me_no_token_401" time="0.085" /><testcase classname="tests.test_auth" name="test_me_garbage_token_401" time="0.084" /><testcase classname="tests.test_auth" name="test_brute_force_lockout" time="2.052" /><testcase classname="tests.test_auth" name="test_assessment_start_requires_auth" time="0.124" /><testcase classname="tests.test_auth" name="test_assessment_start_ok_with_bearer_and_stamps_user" time="0.602" /><testcase classname="tests.test_auth" name="test_flag_check_open_no_auth" time="0.263" /><testcase classname="tests.test_auth" name="test_me_sessions_lists_completed_only_for_owner" time="1.120" /><testcase classname="tests.test_auth" name="test_claim_only_attaches_unowned_and_not_stolen" time="1.198" /><testcase classname="tests.test_iteration3" name="test_forgot_password_returns_sent_true_for_existing_user" time="0.893" /><testcase classname="tests.test_iteration3" name="test_forgot_password_no_enumeration" time="0.092" /><testcase classname="tests.test_iteration3" name="test_reset_password_garbage_token_400" time="0.084" /><testcase classname="tests.test_iteration3" name="test_reset_password_expired_token_400" time="0.445" /><testcase classname="tests.test_iteration3" name="test_reset_password_happy_path_and_single_use" time="1.457" /><testcase classname="tests.test_iteration3" name="test_reset_clears_lockout" time="2.688" /><testcase classname="tests.test_iteration3" name="test_ownership_403_on_responses" time="0.841" /><testcase classname="tests.test_iteration3" name="test_ownership_403_on_complete" time="0.886" /><testcase classname="tests.test_iteration3" name="test_ownership_403_on_result_fetch" time="0.975" /><testcase classname="tests.test_iteration3" name="test_scoring_independent_of_situation[essential]" time="2.164" /><testcase classname="tests.test_iteration3" name="test_scoring_independent_of_situation[personality]" time="1.975" /><testcase classname="tests.test_iteration3" name="test_scoring_independent_of_situation[eq]" time="2.051" /><testcase classname="tests.test_iteration3" name="test_scoring_independent_of_situation[closeness]" time="1.971" /><testcase classname="tests.test_mirror_v2" name="test_instruments_list" time="0.503" /><testcase classname="tests.test_mirror_v2" name="test_essential_lifecycle" time="0.411" /><testcase classname="tests.test_mirror_v2" name="test_personality_lifecycle" time="0.499" /><testcase classname="tests.test_mirror_v2" name="test_eq_lifecycle" time="0.518" /><testcase classname="tests.test_mirror_v2" name="test_closeness_lifecycle_no_bands" time="0.337" /><testcase classname="tests.test_mirror_v2" name="test_immutability_and_double_complete" time="0.535" /><testcase classname="tests.test_mirror_v2" name="test_unknown_instrument_404" time="0.098" /><testcase classname="tests.test_mirror_v2" name="test_out_of_range_value_400" time="0.162" /><testcase classname="tests.test_mirror_v2" name="test_put_on_completed_409" time="0.434" /><testcase classname="tests.test_mirror_v2" name="test_flag_check_result_shape_no_score" time="0.252" /><testcase classname="tests.test_mirror_v2" name="test_flag_safety_yes" time="0.237" /><testcase classname="tests.test_mirror_v2" name="test_flag_safety_unsure" time="0.240" /><testcase classname="tests.test_mirror_v2" name="test_flag_insufficient" time="0.247" /><testcase classname="tests.test_mirror_v2" name="test_mirrors_summary_and_findings" time="1.042" /><testcase classname="tests.test_mirror_v2" name="test_findings_empty_below_two" time="0.397" /><testcase classname="tests.test_pdf_report" name="test_pdf_401_without_token" time="3.651" /><testcase classname="tests.test_pdf_report" name="test_pdf_403_other_user" time="0.545" /><testcase classname="tests.test_pdf_report" name="test_pdf_404_unknown_session" time="0.207" /><testcase classname="tests.test_pdf_report" name="test_pdf_409_incomplete" time="0.346" /><testcase classname="tests.test_pdf_report" name="test_pdf_happy_path[essential]" time="0.212" /><testcase classname="tests.test_pdf_report" name="test_pdf_happy_path[personality]" time="0.196" /><testcase classname="tests.test_pdf_report" name="test_pdf_happy_path[eq]" time="0.212" /><testcase classname="tests.test_pdf_report" name="test_pdf_happy_path[closeness]" time="0.184" /><testcase classname="tests.test_pdf_report" name="test_pdf_content_required[essential]" time="0.207" /><testcase classname="tests.test_pdf_report" name="test_pdf_content_required[personality]" time="0.179" /><testcase classname="tests.test_pdf_report" name="test_pdf_content_required[eq]" time="0.202" /><testcase classname="tests.test_pdf_report" name="test_pdf_content_required[closeness]" time="0.231" /><testcase classname="tests.test_pdf_report" name="test_pdf_forbidden_content[essential]" time="0.174" /><testcase classname="tests.test_pdf_report" name="test_pdf_forbidden_content[personality]" time="0.183" /><testcase classname="tests.test_pdf_report" name="test_pdf_forbidden_content[eq]" time="0.207" /><testcase classname="tests.test_pdf_report" name="test_pdf_forbidden_content[closeness]" time="0.177" /><testcase classname="tests.test_pdf_report" name="test_closeness_no_band_or_percentile" time="0.196" /><testcase classname="tests.test_pdf_report" name="test_essential_numbers_match" time="0.407" /><testcase classname="tests.test_pdf_report" name="test_eq_numbers_match" time="0.353" /><testcase classname="tests.test_pdf_report" name="test_personality_numbers_match" time="0.364" /><testcase classname="tests.test_pdf_report" name="test_closeness_numbers_match" time="0.344" /><testcase classname="tests.test_pdf_report" name="test_situation_framing_differs_numbers_same" time="3.951" /><testcase classname="tests.test_pdf_report" name="test_essential_delta_wording_direction" time="1.792" /><testcase classname="tests.test_pdf_report" name="test_essential_flat_all_ones" time="0.901" /><testcase classname="tests.test_pdf_report" name="test_essential_flat_all_fives" time="0.938" /><testcase classname="tests.test_pdf_report" name="test_personality_flagged_validity" time="1.124" /></testsuite></testsuites>