<?xml version="1.0" encoding="utf-8"?><testsuites name="pytest tests"><testsuite name="pytest" errors="0" failures="0" skipped="0" tests="141" time="87.315" timestamp="2026-08-26T15:29:52.382386+00:00" hostname="agent-env-3e9f5ab4-8a3a-4e7a-88d1-31c9d6f63cfa"><testcase classname="tests.test_iteration6" name="test_bug3_personality_no_adjacent_same_factor" time="0.001" /><testcase classname="tests.test_iteration6" name="test_bug3_eq_no_adjacent_same_sub" time="0.000" /><testcase classname="tests.test_iteration6" name="test_bug3_essential_no_adjacent_same_category_within_lens" time="0.001" /><testcase classname="tests.test_iteration6" name="test_bug3_closeness_preserves_spec_order" time="0.000" /><testcase classname="tests.test_iteration6" name="test_bug3_order_stable_on_resume" time="1.186" /><testcase classname="tests.test_iteration6" name="test_bug1_choosing_block_present_all_four_result_endpoint" time="2.909" /><testcase classname="tests.test_iteration6" name="test_bug1_choosing_block_present_on_complete_endpoint" time="1.084" /><testcase classname="tests.test_pdf_report" name="test_pdf_401_without_token" time="4.473" /><testcase classname="tests.test_pdf_report" name="test_pdf_403_other_user" time="0.667" /><testcase classname="tests.test_pdf_report" name="test_pdf_404_unknown_session" time="0.183" /><testcase classname="tests.test_iteration6" name="test_bug1_choosing_quotes_real_numbers" time="0.344" /><testcase classname="tests.test_pdf_report" name="test_pdf_409_incomplete" time="0.330" /><testcase classname="tests.test_iteration6" name="test_bug1_choosing_not_stored_in_snapshot" time="0.006" /><testcase classname="tests.test_iteration6" name="test_bug1_choosing_in_per_result_pdf" time="0.469" /><testcase classname="tests.test_pdf_report" name="test_pdf_happy_path[essential]" time="0.203" /><testcase classname="tests.test_pdf_report" name="test_pdf_happy_path[personality]" time="0.216" /><testcase classname="tests.test_iteration6" name="test_bug1_choosing_in_combined_pdf" time="0.196" /><testcase classname="tests.test_pdf_report" name="test_pdf_happy_path[eq]" time="0.259" /><testcase classname="tests.test_iteration6" name="test_bug2_findings_return_agreements_and_synthesis" time="0.139" /><testcase classname="tests.test_pdf_report" name="test_pdf_happy_path[closeness]" time="0.197" /><testcase classname="tests.test_iteration6" name="test_bug2_agreements_only_when_close" time="0.000" /><testcase classname="tests.test_iteration6" name="test_bug2_tensions_only_when_far" time="0.000" /><testcase classname="tests.test_iteration6" name="test_bug2_convergent_and_divergent_via_api" time="2.401" /><testcase classname="tests.test_pdf_report" name="test_pdf_content_required[essential]" time="1.241" /><testcase classname="tests.test_pdf_report" name="test_pdf_content_required[personality]" time="0.214" /><testcase classname="tests.test_pdf_report" name="test_pdf_content_required[eq]" time="0.185" /><testcase classname="tests.test_pdf_report" name="test_pdf_content_required[closeness]" time="0.190" /><testcase classname="tests.test_pdf_report" name="test_pdf_forbidden_content[essential]" time="0.198" /><testcase classname="tests.test_pdf_report" name="test_pdf_forbidden_content[personality]" time="0.250" /><testcase classname="tests.test_iteration6" name="test_bug2_no_crosscheck_with_one_instrument" time="0.883" /><testcase classname="tests.test_pdf_report" name="test_pdf_forbidden_content[eq]" time="0.385" /><testcase classname="tests.test_pdf_report" name="test_pdf_forbidden_content[closeness]" time="0.203" /><testcase classname="tests.test_pdf_report" name="test_closeness_no_band_or_percentile" time="0.162" /><testcase classname="tests.test_pdf_report" name="test_essential_numbers_match" time="0.667" /><testcase classname="tests.test_iteration6" name="test_bug2_combined_pdf_has_agreement_finding_and_synthesis" time="0.170" /><testcase classname="tests.test_iteration6" name="test_regression_item_counts" time="0.001" /><testcase classname="tests.test_auth" name="test_register_returns_user_and_token" time="0.421" /><testcase classname="tests.test_auth" name="test_register_normalises_email_lowercase" time="0.333" /><testcase classname="tests.test_pdf_report" name="test_eq_numbers_match" time="0.658" /><testcase classname="tests.test_auth" name="test_register_duplicate_email_409" time="0.418" /><testcase classname="tests.test_pdf_report" name="test_personality_numbers_match" time="0.320" /><testcase classname="tests.test_auth" name="test_register_short_password_422" time="0.157" /><testcase classname="tests.test_auth" name="test_register_invalid_situation_422" time="0.088" /><testcase classname="tests.test_pdf_report" name="test_closeness_numbers_match" time="0.643" /><testcase classname="tests.test_auth" name="test_login_success_shared_user" time="0.321" /><testcase classname="tests.test_auth" name="test_login_wrong_password_401" time="0.327" /><testcase classname="tests.test_pdf_report" name="test_situation_framing_differs_numbers_same" time="5.154" /><testcase classname="tests.test_auth" name="test_me_returns_situation_label" time="0.547" /><testcase classname="tests.test_auth" name="test_me_no_token_401" time="0.069" /><testcase classname="tests.test_auth" name="test_me_garbage_token_401" time="0.282" /><testcase classname="tests.test_auth" name="test_brute_force_lockout" time="2.168" /><testcase classname="tests.test_auth" name="test_assessment_start_requires_auth" time="0.113" /><testcase classname="tests.test_auth" name="test_assessment_start_ok_with_bearer_and_stamps_user" time="0.480" /><testcase classname="tests.test_auth" name="test_flag_check_open_no_auth" time="0.300" /><testcase classname="tests.test_auth" name="test_me_sessions_lists_completed_only_for_owner" time="1.131" /><testcase classname="tests.test_auth" name="test_claim_only_attaches_unowned_and_not_stolen" time="1.165" /><testcase classname="tests.test_pdf_report" name="test_essential_delta_wording_direction" time="2.328" /><testcase classname="tests.test_iteration5" name="test_combined_pdf_401_no_token" time="0.166" /><testcase classname="tests.test_iteration5" name="test_combined_pdf_409_when_no_completions" time="0.639" /><testcase classname="tests.test_pdf_report" name="test_essential_flat_all_ones" time="1.147" /><testcase classname="tests.test_iteration5" name="test_combined_pdf_one_instrument_shape" time="0.965" /><testcase classname="tests.test_pdf_report" name="test_essential_flat_all_fives" time="31.219" /><testcase classname="tests.test_iteration5" name="test_combined_pdf_four_instruments" time="2.527" /><testcase classname="tests.test_iteration5" name="test_combined_pdf_crosscheck_matches_findings_endpoint" time="0.387" /><testcase classname="tests.test_iteration5" name="test_combined_pdf_numbers_match_result" time="0.389" /><testcase classname="tests.test_iteration5" name="test_combined_pdf_dedupes_to_most_recent" time="31.141" /><testcase classname="tests.test_pdf_report" name="test_personality_flagged_validity" time="4.347" /><testcase classname="tests.test_iteration5" name="test_combined_pdf_no_cross_user_leak" time="2.012" /><testcase classname="tests.test_iteration5" name="test_situation_patch_401_no_token" time="0.228" /><testcase classname="tests.test_iteration5" name="test_situation_patch_400_invalid_value" time="0.661" /><testcase classname="tests.test_iteration5" name="test_situation_patch_valid_values[single_dating-Single &amp; dating]" time="1.243" /><testcase classname="tests.test_mirror_v2" name="test_instruments_list" time="1.712" /><testcase classname="tests.test_mirror_v2" name="test_essential_lifecycle" time="0.817" /><testcase classname="tests.test_iteration5" name="test_situation_patch_valid_values[in_relationship-In a relationship]" time="1.142" /><testcase classname="tests.test_mirror_v2" name="test_personality_lifecycle" time="1.054" /><testcase classname="tests.test_iteration5" name="test_situation_patch_valid_values[post_breakup-Post-breakup]" time="1.267" /><testcase classname="tests.test_mirror_v2" name="test_eq_lifecycle" time="1.210" /><testcase classname="tests.test_mirror_v2" name="test_closeness_lifecycle_no_bands" time="0.687" /><testcase classname="tests.test_iteration5" name="test_situation_switch_does_not_rescore" time="1.062" /><testcase classname="tests.test_mirror_v2" name="test_immutability_and_double_complete" time="1.053" /><testcase classname="tests.test_iteration5" name="test_situation_switch_reframes_per_result_pdf" time="1.217" /><testcase classname="tests.test_mirror_v2" name="test_unknown_instrument_404" time="0.117" /><testcase classname="tests.test_mirror_v2" name="test_out_of_range_value_400" time="0.227" /><testcase classname="tests.test_mirror_v2" name="test_put_on_completed_409" time="0.783" /><testcase classname="tests.test_iteration5" name="test_situation_switch_reframes_combined_pdf" time="1.816" /><testcase classname="tests.test_mirror_v2" name="test_flag_check_result_shape_no_score" time="0.410" /><testcase classname="tests.test_mirror_v2" name="test_flag_safety_yes" time="0.389" /><testcase classname="tests.test_mirror_v2" name="test_flag_safety_unsure" time="0.410" /><testcase classname="tests.test_mirror_v2" name="test_flag_insufficient" time="0.542" /><testcase classname="tests.test_iteration3" name="test_forgot_password_returns_sent_true_for_existing_user" time="0.701" /><testcase classname="tests.test_mirror_v2" name="test_mirrors_summary_and_findings" time="2.344" /><testcase classname="tests.test_iteration3" name="test_forgot_password_no_enumeration" time="0.104" /><testcase classname="tests.test_iteration3" name="test_reset_password_garbage_token_400" time="0.115" /><testcase classname="tests.test_iteration3" name="test_reset_password_expired_token_400" time="0.493" /><testcase classname="tests.test_iteration3" name="test_reset_password_happy_path_and_single_use" time="1.488" /><testcase classname="tests.test_mirror_v2" name="test_findings_empty_below_two" time="1.441" /><testcase classname="tests.test_iteration3" name="test_reset_clears_lockout" time="3.112" /><testcase classname="test_mrd" name="test_sem_and_mrd_arithmetic" time="0.000" /><testcase classname="test_mrd" name="test_thresholds_match_the_published_profile" time="0.000" /><testcase classname="test_mrd" name="test_placeholder_alpha_is_declared" time="0.000" /><testcase classname="test_mrd" name="test_pairwise_gate" time="0.000" /><testcase classname="test_mrd" name="test_flat_profile_gate" time="0.000" /><testcase classname="test_mrd" name="test_distinctiveness_gate" time="0.000" /><testcase classname="test_mrd" name="test_the_whole_reference_profile_collapses_into_one_cluster" time="0.000" /><testcase classname="test_mrd" name="test_clusters_split_when_a_gap_clears_the_threshold" time="0.000" /><testcase classname="test_mrd" name="test_build_mrd_runs_in_shadow_mode_and_suppresses_nothing" time="0.000" /><testcase classname="test_mrd" name="test_build_mrd_returns_none_for_unrankable_instruments" time="0.000" /><testcase classname="test_display" name="test_sten_pct_matches_the_normal_curve" time="0.000" /><testcase classname="test_display" name="test_the_two_corrected_cells" time="0.000" /><testcase classname="test_display" name="test_fractions_are_rounded_never_decimal" time="0.000" /><testcase classname="test_display" name="test_commonness_direction_follows_the_midpoint" time="0.000" /><testcase classname="test_display" name="test_commonness_sentence_names_the_pole_not_a_grade" time="0.000" /><testcase classname="test_display" name="test_composites_are_refused" time="0.000" /><testcase classname="test_display" name="test_clamped_values_are_refused" time="0.000" /><testcase classname="test_display" name="test_out_of_range_is_refused" time="0.000" /><testcase classname="tests.test_composites" name="test_equations_unchanged" time="0.000" /><testcase classname="tests.test_composites" name="test_gains_remain_uncalibrated" time="0.000" /><testcase classname="tests.test_composites" name="test_reference_profile_reproduces" time="0.000" /><testcase classname="tests.test_composites" name="test_self_control_is_low_for_reference_profile" time="0.000" /><testcase classname="tests.test_composites" name="test_provenance_exposes_every_contribution" time="0.000" /><testcase classname="tests.test_composites" name="test_clamping_is_recorded_not_silent" time="0.000" /><testcase classname="tests.test_composites" name="test_unclamped_globals_carry_no_clamp_flag" time="0.000" /><testcase classname="tests.test_iteration7_composites_api" name="test_personality_result_has_composites" time="1.099" /><testcase classname="tests.test_iteration7_composites_api" name="test_every_contribution_has_required_fields" time="0.270" /><testcase classname="tests.test_iteration7_composites_api" name="test_contributions_sum_matches_score_precise" time="0.315" /><testcase classname="tests.test_iteration7_composites_api" name="test_residual_flags_and_polarity" time="11.454" /><testcase classname="tests.test_iteration3" name="test_ownership_403_on_responses" time="0.981" /><testcase classname="tests.test_iteration3" name="test_ownership_403_on_complete" time="1.061" /><testcase classname="tests.test_iteration3" name="test_ownership_403_on_result_fetch" time="1.256" /><testcase classname="tests.test_iteration3" name="test_scoring_independent_of_situation[essential]" time="2.360" /><testcase classname="tests.test_iteration3" name="test_scoring_independent_of_situation[personality]" time="2.554" /><testcase classname="tests.test_iteration3" name="test_scoring_independent_of_situation[eq]" time="2.514" /><testcase classname="tests.test_iteration3" name="test_scoring_independent_of_situation[closeness]" time="2.796" /><testcase classname="tests.test_iteration7_composites_api" name="test_composites_not_persisted_in_mongo" time="0.005" /><testcase classname="tests.test_iteration7_composites_api" name="test_no_composites_on_other_instruments" time="0.730" /><testcase classname="tests.test_iteration7_composites_api" name="test_arithmetic_reproduces_user_reference" time="0.000" /><testcase classname="test_locked_copy" name="test_locked_copy_hashes_unchanged" time="0.001" /><testcase classname="test_locked_copy" name="test_validated_only_for_established_instruments" time="0.001" /><testcase classname="test_copy_lint" name="test_no_prediction_verbs_in_narrative" time="0.014" /><testcase classname="test_copy_lint" name="test_no_claims_about_a_third_party" time="0.013" /><testcase classname="test_copy_lint" name="test_no_canned_string_renders_twice" time="0.002" /></testsuite></testsuites>