<?xml version="1.0" encoding="utf-8"?><testsuites name="pytest tests"><testsuite name="pytest" errors="0" failures="0" skipped="0" tests="26" time="17.736" timestamp="2026-08-18T14:01:15.108298+00:00" hostname="agent-env-3e9f5ab4-8a3a-4e7a-88d1-31c9d6f63cfa"><testcase classname="tests.test_pdf_report" name="test_pdf_401_without_token" time="3.701" /><testcase classname="tests.test_pdf_report" name="test_pdf_403_other_user" time="0.609" /><testcase classname="tests.test_pdf_report" name="test_pdf_404_unknown_session" time="0.181" /><testcase classname="tests.test_pdf_report" name="test_pdf_409_incomplete" time="0.320" /><testcase classname="tests.test_pdf_report" name="test_pdf_happy_path[essential]" time="0.202" /><testcase classname="tests.test_pdf_report" name="test_pdf_happy_path[personality]" time="0.240" /><testcase classname="tests.test_pdf_report" name="test_pdf_happy_path[eq]" time="0.203" /><testcase classname="tests.test_pdf_report" name="test_pdf_happy_path[closeness]" time="0.178" /><testcase classname="tests.test_pdf_report" name="test_pdf_content_required[essential]" time="0.187" /><testcase classname="tests.test_pdf_report" name="test_pdf_content_required[personality]" time="0.204" /><testcase classname="tests.test_pdf_report" name="test_pdf_content_required[eq]" time="0.214" /><testcase classname="tests.test_pdf_report" name="test_pdf_content_required[closeness]" time="0.202" /><testcase classname="tests.test_pdf_report" name="test_pdf_forbidden_content[essential]" time="0.215" /><testcase classname="tests.test_pdf_report" name="test_pdf_forbidden_content[personality]" time="0.207" /><testcase classname="tests.test_pdf_report" name="test_pdf_forbidden_content[eq]" time="0.203" /><testcase classname="tests.test_pdf_report" name="test_pdf_forbidden_content[closeness]" time="0.183" /><testcase classname="tests.test_pdf_report" name="test_closeness_no_band_or_percentile" time="0.194" /><testcase classname="tests.test_pdf_report" name="test_essential_numbers_match" time="0.345" /><testcase classname="tests.test_pdf_report" name="test_eq_numbers_match" time="0.358" /><testcase classname="tests.test_pdf_report" name="test_personality_numbers_match" time="0.353" /><testcase classname="tests.test_pdf_report" name="test_closeness_numbers_match" time="0.413" /><testcase classname="tests.test_pdf_report" name="test_situation_framing_differs_numbers_same" time="4.003" /><testcase classname="tests.test_pdf_report" name="test_essential_delta_wording_direction" time="1.779" /><testcase classname="tests.test_pdf_report" name="test_essential_flat_all_ones" time="0.922" /><testcase classname="tests.test_pdf_report" name="test_essential_flat_all_fives" time="0.912" /><testcase classname="tests.test_pdf_report" name="test_personality_flagged_validity" time="1.049" /></testsuite></testsuites>