<?xml version="1.0" encoding="utf-8"?><testsuites name="pytest tests"><testsuite name="pytest" errors="0" failures="0" skipped="0" tests="86" time="143.881" timestamp="2026-08-18T14:47:06.769532+00:00" hostname="agent-env-3e9f5ab4-8a3a-4e7a-88d1-31c9d6f63cfa"><testcase classname="tests.test_auth" name="test_register_returns_user_and_token" time="0.429" /><testcase classname="tests.test_auth" name="test_register_normalises_email_lowercase" time="0.304" /><testcase classname="tests.test_auth" name="test_register_duplicate_email_409" time="0.368" /><testcase classname="tests.test_auth" name="test_register_short_password_422" time="0.069" /><testcase classname="tests.test_auth" name="test_register_invalid_situation_422" time="0.076" /><testcase classname="tests.test_auth" name="test_login_success_shared_user" time="0.314" /><testcase classname="tests.test_auth" name="test_login_wrong_password_401" time="0.306" /><testcase classname="tests.test_auth" name="test_me_returns_situation_label" time="0.387" /><testcase classname="tests.test_auth" name="test_me_no_token_401" time="0.073" /><testcase classname="tests.test_auth" name="test_me_garbage_token_401" time="0.076" /><testcase classname="tests.test_auth" name="test_brute_force_lockout" time="1.901" /><testcase classname="tests.test_auth" name="test_assessment_start_requires_auth" time="0.075" /><testcase classname="tests.test_auth" name="test_assessment_start_ok_with_bearer_and_stamps_user" time="0.464" /><testcase classname="tests.test_auth" name="test_flag_check_open_no_auth" time="0.262" /><testcase classname="tests.test_auth" name="test_me_sessions_lists_completed_only_for_owner" time="1.051" /><testcase classname="tests.test_auth" name="test_claim_only_attaches_unowned_and_not_stolen" time="1.077" /><testcase classname="tests.test_iteration3" name="test_forgot_password_returns_sent_true_for_existing_user" time="0.744" /><testcase classname="tests.test_iteration3" name="test_forgot_password_no_enumeration" time="0.075" /><testcase classname="tests.test_iteration3" name="test_reset_password_garbage_token_400" time="0.080" /><testcase classname="tests.test_iteration3" name="test_reset_password_expired_token_400" time="0.396" /><testcase classname="tests.test_iteration3" name="test_reset_password_happy_path_and_single_use" time="1.291" /><testcase classname="tests.test_iteration3" name="test_reset_clears_lockout" time="3.064" /><testcase classname="tests.test_iteration3" name="test_ownership_403_on_responses" time="0.752" /><testcase classname="tests.test_iteration3" name="test_ownership_403_on_complete" time="0.834" /><testcase classname="tests.test_iteration3" name="test_ownership_403_on_result_fetch" time="0.951" /><testcase classname="tests.test_iteration3" name="test_scoring_independent_of_situation[essential]" time="1.811" /><testcase classname="tests.test_iteration3" name="test_scoring_independent_of_situation[personality]" time="1.851" /><testcase classname="tests.test_iteration3" name="test_scoring_independent_of_situation[eq]" time="1.870" /><testcase classname="tests.test_iteration3" name="test_scoring_independent_of_situation[closeness]" time="1.921" /><testcase classname="tests.test_iteration5" name="test_combined_pdf_401_no_token" time="0.237" /><testcase classname="tests.test_iteration5" name="test_combined_pdf_409_when_no_completions" time="0.541" /><testcase classname="tests.test_iteration5" name="test_combined_pdf_one_instrument_shape" time="0.906" /><testcase classname="tests.test_iteration5" name="test_combined_pdf_four_instruments" time="2.275" /><testcase classname="tests.test_iteration5" name="test_combined_pdf_crosscheck_matches_findings_endpoint" time="0.346" /><testcase classname="tests.test_iteration5" name="test_combined_pdf_numbers_match_result" time="0.355" /><testcase classname="tests.test_iteration5" name="test_combined_pdf_dedupes_to_most_recent" time="1.123" /><testcase classname="tests.test_iteration5" name="test_combined_pdf_no_cross_user_leak" time="1.928" /><testcase classname="tests.test_iteration5" name="test_situation_patch_401_no_token" time="0.132" /><testcase classname="tests.test_iteration5" name="test_situation_patch_400_invalid_value" time="0.568" /><testcase classname="tests.test_iteration5" name="test_situation_patch_valid_values[single_dating-Single &amp; dating]" time="0.983" /><testcase classname="tests.test_iteration5" name="test_situation_patch_valid_values[in_relationship-In a relationship]" time="0.971" /><testcase classname="tests.test_iteration5" name="test_situation_patch_valid_values[post_breakup-Post-breakup]" time="1.097" /><testcase classname="tests.test_iteration5" name="test_situation_switch_does_not_rescore" time="0.965" /><testcase classname="tests.test_iteration5" name="test_situation_switch_reframes_per_result_pdf" time="0.989" /><testcase classname="tests.test_iteration5" name="test_situation_switch_reframes_combined_pdf" time="1.640" /><testcase classname="tests.test_mirror_v2" name="test_instruments_list" time="0.495" /><testcase classname="tests.test_mirror_v2" name="test_essential_lifecycle" time="0.443" /><testcase classname="tests.test_mirror_v2" name="test_personality_lifecycle" time="0.501" /><testcase classname="tests.test_mirror_v2" name="test_eq_lifecycle" time="0.485" /><testcase classname="tests.test_mirror_v2" name="test_closeness_lifecycle_no_bands" time="0.336" /><testcase classname="tests.test_mirror_v2" name="test_immutability_and_double_complete" time="0.483" /><testcase classname="tests.test_mirror_v2" name="test_unknown_instrument_404" time="0.079" /><testcase classname="tests.test_mirror_v2" name="test_out_of_range_value_400" time="0.154" /><testcase classname="tests.test_mirror_v2" name="test_put_on_completed_409" time="0.414" /><testcase classname="tests.test_mirror_v2" name="test_flag_check_result_shape_no_score" time="0.254" /><testcase classname="tests.test_mirror_v2" name="test_flag_safety_yes" time="0.238" /><testcase classname="tests.test_mirror_v2" name="test_flag_safety_unsure" time="0.241" /><testcase classname="tests.test_mirror_v2" name="test_flag_insufficient" time="0.234" /><testcase classname="tests.test_mirror_v2" name="test_mirrors_summary_and_findings" time="0.993" /><testcase classname="tests.test_mirror_v2" name="test_findings_empty_below_two" time="0.398" /><testcase classname="tests.test_pdf_report" name="test_pdf_401_without_token" time="3.092" /><testcase classname="tests.test_pdf_report" name="test_pdf_403_other_user" time="0.544" /><testcase classname="tests.test_pdf_report" name="test_pdf_404_unknown_session" time="0.181" /><testcase classname="tests.test_pdf_report" name="test_pdf_409_incomplete" time="0.308" /><testcase classname="tests.test_pdf_report" name="test_pdf_happy_path[essential]" time="0.194" /><testcase classname="tests.test_pdf_report" name="test_pdf_happy_path[personality]" time="0.168" /><testcase classname="tests.test_pdf_report" name="test_pdf_happy_path[eq]" time="0.176" /><testcase classname="tests.test_pdf_report" name="test_pdf_happy_path[closeness]" time="0.203" /><testcase classname="tests.test_pdf_report" name="test_pdf_content_required[essential]" time="0.152" /><testcase classname="tests.test_pdf_report" name="test_pdf_content_required[personality]" time="0.191" /><testcase classname="tests.test_pdf_report" name="test_pdf_content_required[eq]" time="0.162" /><testcase classname="tests.test_pdf_report" name="test_pdf_content_required[closeness]" time="0.159" /><testcase classname="tests.test_pdf_report" name="test_pdf_forbidden_content[essential]" time="0.174" /><testcase classname="tests.test_pdf_report" name="test_pdf_forbidden_content[personality]" time="0.163" /><testcase classname="tests.test_pdf_report" name="test_pdf_forbidden_content[eq]" time="0.169" /><testcase classname="tests.test_pdf_report" name="test_pdf_forbidden_content[closeness]" time="0.163" /><testcase classname="tests.test_pdf_report" name="test_closeness_no_band_or_percentile" time="0.154" /><testcase classname="tests.test_pdf_report" name="test_essential_numbers_match" time="0.349" /><testcase classname="tests.test_pdf_report" name="test_eq_numbers_match" time="60.381" /><testcase classname="tests.test_pdf_report" name="test_personality_numbers_match" time="0.404" /><testcase classname="tests.test_pdf_report" name="test_closeness_numbers_match" time="0.292" /><testcase classname="tests.test_pdf_report" name="test_situation_framing_differs_numbers_same" time="28.107" /><testcase classname="tests.test_pdf_report" name="test_essential_delta_wording_direction" time="1.573" /><testcase classname="tests.test_pdf_report" name="test_essential_flat_all_ones" time="0.748" /><testcase classname="tests.test_pdf_report" name="test_essential_flat_all_fives" time="0.758" /><testcase classname="tests.test_pdf_report" name="test_personality_flagged_validity" time="1.009" /></testsuite></testsuites>