<?xml version="1.0" encoding="utf-8"?><testsuites name="pytest tests"><testsuite name="pytest" errors="0" failures="3" skipped="0" tests="37" time="2.720" timestamp="2026-09-07T16:56:23.983910+00:00" hostname="agent-env-3e9f5ab4-8a3a-4e7a-88d1-31c9d6f63cfa"><testcase classname="" name="test_personality_instructions_name_the_factors_that_are_scored" time="0.001" /><testcase classname="" name="test_personality_scope_copy_matches_the_locked_register" time="0.000" /><testcase classname="" name="test_mrd_in_sd_units_is_equal_for_scale_sets_sharing_an_alpha" time="0.001" /><testcase classname="" name="test_every_evaluated_scale_set_reports_both_units" time="0.000" /><testcase classname="" name="test_diagnostics_report_a_rate_per_scale_set" time="0.000" /><testcase classname="" name="test_the_norms_provenance_finding_is_on_the_record" time="0.000" /><testcase classname="" name="test_the_published_methodology_note_still_says_the_hard_parts" time="0.000" /><testcase classname="" name="test_the_note_is_actually_on_the_page" time="0.000" /><testcase classname="" name="test_every_instrument_has_a_methodology_entry" time="0.000" /><testcase classname="" name="test_the_everyday_entry_carries_the_pre_test_gap" time="0.000" /><testcase classname="" name="test_the_ei_page_no_longer_describes_bands_it_does_not_emit" time="0.000" /><testcase classname="" name="test_the_combined_reading_includes_every_instrument" time="0.000" /><testcase classname="" name="test_the_centroid_finding_is_on_the_record" time="0.000" /><testcase classname="" name="test_the_snapshot_still_carries_no_population_metadata" time="0.000" /><testcase classname="" name="test_lint_scope_is_not_empty" time="0.000" /><testcase classname="" name="test_lint_scope_covers_every_backend_module" time="0.000" /><testcase classname="" name="test_required_modules_still_resolve" time="0.000" /><testcase classname="" name="test_no_prediction_verbs_in_narrative" time="0.083" /><testcase classname="" name="test_the_banks_are_in_scope" time="0.000" /><testcase classname="" name="test_no_claims_about_a_third_party" time="0.081" /><testcase classname="" name="test_no_guarantee_language_while_alpha_is_placeholder" time="0.006" /><testcase classname="" name="test_no_population_claims_while_norms_are_paused" time="0.075" /><testcase classname="" name="test_the_paused_population_layer_is_still_isolated" time="0.000" /><testcase classname="" name="test_the_public_pages_are_in_lint_scope" time="0.000" /><testcase classname="" name="test_no_norm_claims_on_the_public_pages" time="0.004" /><testcase classname="" name="test_the_instrument_count_agrees_with_the_number_of_instruments" time="0.001" /><testcase classname="" name="test_every_instrument_has_a_compressed_one_line_summary" time="0.001" /><testcase classname="" name="test_no_canned_string_renders_twice" time="0.001" /><testcase classname="tests.test_iteration13" name="test_all_five_sessions_present" time="0.461" /><testcase classname="tests.test_iteration13" name="test_result_pages_open" time="0.394" /><testcase classname="tests.test_iteration13" name="test_individual_pdfs_byte_identical" time="0.738" /><testcase classname="tests.test_iteration13" name="test_combined_has_five_instruments_and_everyday" time="0.191" /><testcase classname="tests.test_iteration13" name="test_combined_pdf_byte_identical" time="0.086" /><testcase classname="tests.test_iteration13" name="test_combined_no_sten_of_10" time="0.015"><failure message="AssertionError: combined PDF still prints 'x of 10'&#10;assert ' of 10' not in 'rather know...or report.\n'&#10;  &#10;  ' of 10' is contained here:&#10;    bility: 2 of 10 (normal). central tendency: normal. these are reported rather than hidden — a&#10;  ?          ++++++&#10;    flagged profile is still your profile, read with a caveat.&#10;    how you choose&#10;    ...&#10;  &#10;  ...Full output truncated (104 lines hidden), use '-vv' to show">E   AssertionError: combined PDF still prints 'x of 10'
    assert ' of 10' not in 'rather know...or report.\n'
      
      ' of 10' is contained here:
        bility: 2 of 10 (normal). central tendency: normal. these are reported rather than hidden — a
      ?          ++++++
        flagged profile is still your profile, read with a caveat.
        how you choose
        ...
      
      ...Full output truncated (104 lines hidden), use '-vv' to show</failure></testcase><testcase classname="tests.test_iteration13" name="test_choosing_in_personality_result_has_no_of_10" time="0.072"><failure message="AssertionError: 'of 10' leaked into choosing block: [('root.points[0].body', &quot;At 7 of 10 you sit clearly toward warm. Traits this far from the middle don't sit quietly — they set what you notice fir&quot;), ('root.points[1].body', &quot;At 7 of 10 you sit clearly toward conscientious. Traits this far from the middle don't sit quietly — they set what you n&quot;)]&#10;assert not [('root.points[0].body', &quot;At 7 of 10 you sit clearly toward warm. Traits this far from the middle don't sit quietly — ... of 10 you sit clearly toward conscientious. Traits this far from the middle don't sit quietly — they set what you n&quot;)]">E   AssertionError: 'of 10' leaked into choosing block: [('root.points[0].body', "At 7 of 10 you sit clearly toward warm. Traits this far from the middle don't sit quietly — they set what you notice fir"), ('root.points[1].body', "At 7 of 10 you sit clearly toward conscientious. Traits this far from the middle don't sit quietly — they set what you n")]
    assert not [('root.points[0].body', "At 7 of 10 you sit clearly toward warm. Traits this far from the middle don't sit quietly — ... of 10 you sit clearly toward conscientious. Traits this far from the middle don't sit quietly — they set what you n")]</failure></testcase><testcase classname="tests.test_iteration13" name="test_personality_result_has_no_of_10" time="0.081"><failure message="AssertionError: 'of 10' leaked into personality result JSON: [('root.choosing.points[0].body', &quot;At 7 of 10 you sit clearly toward warm. Traits this far from the middle don't sit quietly — they set what you notice fir&quot;), ('root.choosing.points[1].body', &quot;At 7 of 10 you sit clearly toward conscientious. Traits this far from the middle don't sit quietly — they set what you n&quot;)]&#10;assert not [('root.choosing.points[0].body', &quot;At 7 of 10 you sit clearly toward warm. Traits this far from the middle don't sit q... of 10 you sit clearly toward conscientious. Traits this far from the middle don't sit quietly — they set what you n&quot;)]">E   AssertionError: 'of 10' leaked into personality result JSON: [('root.choosing.points[0].body', "At 7 of 10 you sit clearly toward warm. Traits this far from the middle don't sit quietly — they set what you notice fir"), ('root.choosing.points[1].body', "At 7 of 10 you sit clearly toward conscientious. Traits this far from the middle don't sit quietly — they set what you n")]
    assert not [('root.choosing.points[0].body', "At 7 of 10 you sit clearly toward warm. Traits this far from the middle don't sit q... of 10 you sit clearly toward conscientious. Traits this far from the middle don't sit quietly — they set what you n")]</failure></testcase><testcase classname="tests.test_iteration13" name="test_crosscheck_synthesis_has_no_of_10" time="0.392" /></testsuite></testsuites>