<?xml version="1.0" encoding="utf-8"?><testsuites name="pytest tests"><testsuite name="pytest" errors="0" failures="0" skipped="0" tests="177" time="62.694" timestamp="2026-08-27T01:14:06.786433+00:00" hostname="agent-env-3e9f5ab4-8a3a-4e7a-88d1-31c9d6f63cfa"><testcase classname="tests.test_iteration6" name="test_bug3_personality_no_adjacent_same_factor" time="0.000" /><testcase classname="tests.test_iteration6" name="test_bug3_eq_no_adjacent_same_sub" time="0.000" /><testcase classname="tests.test_iteration6" name="test_bug3_essential_no_adjacent_same_category_within_lens" time="0.001" /><testcase classname="tests.test_iteration6" name="test_bug3_closeness_preserves_spec_order" time="0.000" /><testcase classname="tests.test_iteration6" name="test_bug3_order_stable_on_resume" time="1.075" /><testcase classname="tests.test_iteration6" name="test_bug1_choosing_block_present_all_four_result_endpoint" time="1.696" /><testcase classname="tests.test_iteration6" name="test_bug1_choosing_block_present_on_complete_endpoint" time="0.789" /><testcase classname="tests.test_iteration6" name="test_bug1_choosing_quotes_real_numbers" time="0.208" /><testcase classname="tests.test_pdf_report" name="test_pdf_401_without_token" time="3.811" /><testcase classname="tests.test_iteration6" name="test_bug1_choosing_not_stored_in_snapshot" time="0.006" /><testcase classname="tests.test_iteration6" name="test_bug1_choosing_in_per_result_pdf" time="0.513" /><testcase classname="tests.test_pdf_report" name="test_pdf_403_other_user" time="0.544" /><testcase classname="tests.test_iteration6" name="test_bug1_choosing_in_combined_pdf" time="0.127" /><testcase classname="tests.test_pdf_report" name="test_pdf_404_unknown_session" time="0.191" /><testcase classname="tests.test_iteration6" name="test_bug2_findings_return_agreements_and_synthesis" time="0.049" /><testcase classname="tests.test_iteration6" name="test_bug2_agreements_only_when_close" time="0.000" /><testcase classname="tests.test_iteration6" name="test_bug2_tensions_only_when_far" time="0.000" /><testcase classname="tests.test_iteration6" name="test_bug2_convergent_and_divergent_via_api" time="1.319" /><testcase classname="tests.test_pdf_report" name="test_pdf_409_incomplete" time="0.472" /><testcase classname="tests.test_pdf_report" name="test_pdf_happy_path[essential]" time="0.185" /><testcase classname="tests.test_pdf_report" name="test_pdf_happy_path[personality]" time="0.193" /><testcase classname="tests.test_pdf_report" name="test_pdf_happy_path[eq]" time="0.204" /><testcase classname="tests.test_pdf_report" name="test_pdf_happy_path[closeness]" time="0.175" /><testcase classname="tests.test_pdf_report" name="test_pdf_content_required[essential]" time="0.148" /><testcase classname="tests.test_iteration6" name="test_bug2_no_crosscheck_with_one_instrument" time="0.774" /><testcase classname="tests.test_pdf_report" name="test_pdf_content_required[personality]" time="0.266" /><testcase classname="tests.test_pdf_report" name="test_pdf_content_required[eq]" time="0.114" /><testcase classname="tests.test_pdf_report" name="test_pdf_content_required[closeness]" time="0.172" /><testcase classname="tests.test_pdf_report" name="test_pdf_forbidden_content[essential]" time="0.150" /><testcase classname="tests.test_iteration6" name="test_bug2_combined_pdf_has_agreement_finding_and_synthesis" time="0.063" /><testcase classname="tests.test_iteration6" name="test_regression_item_counts" time="0.001" /><testcase classname="tests.test_pdf_report" name="test_pdf_forbidden_content[personality]" time="0.120" /><testcase classname="tests.test_pdf_report" name="test_pdf_forbidden_content[eq]" time="0.248" /><testcase classname="tests.test_pdf_report" name="test_pdf_forbidden_content[closeness]" time="0.175" /><testcase classname="tests.test_mirror_v2" name="test_instruments_list" time="0.478" /><testcase classname="tests.test_mirror_v2" name="test_essential_lifecycle" time="0.417" /><testcase classname="tests.test_pdf_report" name="test_closeness_no_band_or_percentile" time="0.154" /><testcase classname="tests.test_pdf_report" name="test_essential_numbers_match" time="0.423" /><testcase classname="tests.test_mirror_v2" name="test_personality_lifecycle" time="0.503" /><testcase classname="tests.test_pdf_report" name="test_eq_numbers_match" time="0.358" /><testcase classname="tests.test_mirror_v2" name="test_eq_lifecycle" time="0.542" /><testcase classname="tests.test_pdf_report" name="test_personality_numbers_match" time="0.278" /><testcase classname="tests.test_pdf_report" name="test_closeness_numbers_match" time="0.288" /><testcase classname="tests.test_mirror_v2" name="test_closeness_lifecycle_no_bands" time="0.539" /><testcase classname="tests.test_pdf_report" name="test_situation_framing_differs_numbers_same" time="39.382" /><testcase classname="tests.test_mirror_v2" name="test_immutability_and_double_complete" time="0.876" /><testcase classname="tests.test_mirror_v2" name="test_unknown_instrument_404" time="0.088" /><testcase classname="tests.test_mirror_v2" name="test_out_of_range_value_400" time="0.183" /><testcase classname="tests.test_mirror_v2" name="test_put_on_completed_409" time="0.470" /><testcase classname="tests.test_mirror_v2" name="test_flag_check_result_shape_no_score" time="0.228" /><testcase classname="tests.test_mirror_v2" name="test_flag_safety_yes" time="0.291" /><testcase classname="tests.test_mirror_v2" name="test_flag_safety_unsure" time="0.305" /><testcase classname="tests.test_mirror_v2" name="test_flag_insufficient" time="0.270" /><testcase classname="tests.test_mirror_v2" name="test_mirrors_summary_and_findings" time="1.424" /><testcase classname="tests.test_mirror_v2" name="test_findings_empty_below_two" time="0.410" /><testcase classname="tests.test_mirror_v2" name="test_everyday_lifecycle" time="0.368" /><testcase classname="tests.test_mirror_v2" name="test_everyday_items_are_forced_choice_pairs" time="0.171" /><testcase classname="tests.test_mirror_v2" name="test_everyday_side_map_is_stored_and_randomised" time="0.286" /><testcase classname="tests.test_auth" name="test_register_returns_user_and_token" time="5.515" /><testcase classname="tests.test_auth" name="test_register_normalises_email_lowercase" time="0.387" /><testcase classname="tests.test_auth" name="test_register_duplicate_email_409" time="0.420" /><testcase classname="tests.test_auth" name="test_register_short_password_422" time="0.117" /><testcase classname="tests.test_auth" name="test_register_invalid_situation_422" time="0.096" /><testcase classname="tests.test_auth" name="test_login_success_shared_user" time="0.313" /><testcase classname="tests.test_auth" name="test_login_wrong_password_401" time="0.299" /><testcase classname="tests.test_auth" name="test_me_returns_situation_label" time="0.380" /><testcase classname="tests.test_auth" name="test_me_no_token_401" time="0.071" /><testcase classname="tests.test_auth" name="test_me_garbage_token_401" time="0.077" /><testcase classname="tests.test_auth" name="test_brute_force_lockout" time="1.991" /><testcase classname="tests.test_auth" name="test_assessment_start_requires_auth" time="0.148" /><testcase classname="tests.test_auth" name="test_assessment_start_ok_with_bearer_and_stamps_user" time="0.519" /><testcase classname="tests.test_auth" name="test_flag_check_open_no_auth" time="0.257" /><testcase classname="tests.test_auth" name="test_me_sessions_lists_completed_only_for_owner" time="1.054" /><testcase classname="tests.test_auth" name="test_claim_only_attaches_unowned_and_not_stolen" time="1.166" /><testcase classname="tests.test_iteration5" name="test_combined_pdf_401_no_token" time="0.173" /><testcase classname="tests.test_iteration5" name="test_combined_pdf_409_when_no_completions" time="0.522" /><testcase classname="tests.test_iteration5" name="test_combined_pdf_one_instrument_shape" time="0.779" /><testcase classname="tests.test_iteration5" name="test_combined_pdf_four_instruments" time="2.157" /><testcase classname="tests.test_iteration5" name="test_combined_pdf_crosscheck_matches_findings_endpoint" time="0.279" /><testcase classname="tests.test_iteration5" name="test_combined_pdf_numbers_match_result" time="0.272" /><testcase classname="tests.test_iteration5" name="test_combined_pdf_dedupes_to_most_recent" time="0.969" /><testcase classname="tests.test_iteration5" name="test_combined_pdf_no_cross_user_leak" time="1.662" /><testcase classname="tests.test_iteration5" name="test_situation_patch_401_no_token" time="0.103" /><testcase classname="tests.test_iteration5" name="test_situation_patch_400_invalid_value" time="0.523" /><testcase classname="tests.test_iteration5" name="test_situation_patch_valid_values[single_dating-Single &amp; dating]" time="1.091" /><testcase classname="tests.test_iteration5" name="test_situation_patch_valid_values[in_relationship-In a relationship]" time="1.133" /><testcase classname="tests.test_iteration5" name="test_situation_patch_valid_values[post_breakup-Post-breakup]" time="0.996" /><testcase classname="tests.test_iteration5" name="test_situation_switch_does_not_rescore" time="0.983" /><testcase classname="tests.test_iteration5" name="test_situation_switch_reframes_per_result_pdf" time="0.964" /><testcase classname="tests.test_iteration5" name="test_situation_switch_reframes_combined_pdf" time="1.321" /><testcase classname="test_everyday" name="test_bank_shape" time="0.000" /><testcase classname="test_everyday" name="test_pretest_is_declared_outstanding" time="0.000" /><testcase classname="test_everyday" name="test_block_a_positions_run_0_to_4" time="0.000" /><testcase classname="test_everyday" name="test_side_map_maps_choices_back_to_poles" time="0.000" /><testcase classname="test_everyday" name="test_two_two_split_is_undifferentiated_not_a_midpoint" time="0.000" /><testcase classname="test_everyday" name="test_block_b_wins_sum_to_21" time="0.000" /><testcase classname="test_everyday" name="test_a_transitive_ordering_has_no_circular_triads" time="0.000" /><testcase classname="test_everyday" name="test_circular_triads_are_detected_and_flagged" time="0.000" /><testcase classname="test_everyday" name="test_zeta_arithmetic" time="0.000" /><testcase classname="test_everyday" name="test_side_bias_flag" time="0.000" /><testcase classname="test_everyday" name="test_time_floor_flag" time="0.000" /><testcase classname="test_everyday" name="test_thin_domain_is_not_scored" time="0.000" /><testcase classname="test_everyday" name="test_the_map_names_the_four_corners" time="0.000" /><testcase classname="test_everyday" name="test_no_compatibility_score_or_norms_anywhere" time="0.000" /><testcase classname="test_everyday" name="test_no_item_id_contains_a_dot" time="0.000" /><testcase classname="tests.test_iteration3" name="test_forgot_password_returns_sent_true_for_existing_user" time="0.679" /><testcase classname="tests.test_iteration3" name="test_forgot_password_no_enumeration" time="0.058" /><testcase classname="tests.test_iteration3" name="test_reset_password_garbage_token_400" time="0.058" /><testcase classname="tests.test_iteration3" name="test_reset_password_expired_token_400" time="0.340" /><testcase classname="tests.test_iteration3" name="test_reset_password_happy_path_and_single_use" time="1.161" /><testcase classname="tests.test_iteration3" name="test_reset_clears_lockout" time="2.332" /><testcase classname="tests.test_iteration3" name="test_ownership_403_on_responses" time="0.710" /><testcase classname="tests.test_iteration3" name="test_ownership_403_on_complete" time="0.721" /><testcase classname="tests.test_iteration3" name="test_ownership_403_on_result_fetch" time="0.804" /><testcase classname="tests.test_pdf_report" name="test_essential_delta_wording_direction" time="2.153" /><testcase classname="tests.test_iteration3" name="test_scoring_independent_of_situation[essential]" time="1.752" /><testcase classname="tests.test_iteration3" name="test_scoring_independent_of_situation[personality]" time="1.654" /><testcase classname="tests.test_pdf_report" name="test_essential_flat_all_ones" time="1.172" /><testcase classname="tests.test_pdf_report" name="test_essential_flat_all_fives" time="1.190" /><testcase classname="tests.test_iteration3" name="test_scoring_independent_of_situation[eq]" time="2.057" /><testcase classname="tests.test_pdf_report" name="test_personality_flagged_validity" time="1.063" /><testcase classname="tests.test_iteration3" name="test_scoring_independent_of_situation[closeness]" time="2.031" /><testcase classname="test_mrd" name="test_sem_and_mrd_arithmetic" time="0.000" /><testcase classname="test_mrd" name="test_thresholds_match_the_published_profile" time="0.000" /><testcase classname="test_mrd" name="test_placeholder_alpha_is_declared" time="0.000" /><testcase classname="test_mrd" name="test_pairwise_gate" time="0.000" /><testcase classname="test_mrd" name="test_flat_profile_gate" time="0.000" /><testcase classname="test_mrd" name="test_distinctiveness_gate" time="0.000" /><testcase classname="test_mrd" name="test_the_whole_reference_profile_collapses_into_one_cluster" time="0.000" /><testcase classname="test_mrd" name="test_clusters_split_when_a_gap_clears_the_threshold" time="0.000" /><testcase classname="test_mrd" name="test_build_mrd_runs_in_shadow_mode_and_suppresses_nothing" time="0.000" /><testcase classname="test_mrd" name="test_build_mrd_returns_none_for_unrankable_instruments" time="0.000" /><testcase classname="tests.test_composites" name="test_equations_unchanged" time="0.000" /><testcase classname="tests.test_composites" name="test_gains_remain_uncalibrated" time="0.000" /><testcase classname="tests.test_composites" name="test_reference_profile_reproduces" time="0.000" /><testcase classname="tests.test_composites" name="test_self_control_is_low_for_reference_profile" time="0.000" /><testcase classname="tests.test_composites" name="test_provenance_exposes_every_contribution" time="0.000" /><testcase classname="tests.test_composites" name="test_clamping_is_recorded_not_silent" time="0.000" /><testcase classname="tests.test_composites" name="test_unclamped_globals_carry_no_clamp_flag" time="0.000" /><testcase classname="tests.test_iteration7_composites_api" name="test_personality_result_has_composites" time="1.036" /><testcase classname="tests.test_iteration7_composites_api" name="test_every_contribution_has_required_fields" time="0.206" /><testcase classname="tests.test_iteration7_composites_api" name="test_contributions_sum_matches_score_precise" time="0.170" /><testcase classname="tests.test_iteration7_composites_api" name="test_residual_flags_and_polarity" time="0.135" /><testcase classname="tests.test_iteration7_composites_api" name="test_composites_not_persisted_in_mongo" time="0.004" /><testcase classname="tests.test_iteration7_composites_api" name="test_no_composites_on_other_instruments" time="0.510" /><testcase classname="test_display" name="test_sten_pct_matches_the_normal_curve" time="0.000" /><testcase classname="test_display" name="test_the_two_corrected_cells" time="0.000" /><testcase classname="test_display" name="test_fractions_are_rounded_never_decimal" time="0.000" /><testcase classname="test_display" name="test_commonness_direction_follows_the_midpoint" time="0.000" /><testcase classname="test_display" name="test_commonness_sentence_names_the_pole_not_a_grade" time="0.000" /><testcase classname="test_display" name="test_composites_are_refused" time="0.000" /><testcase classname="test_display" name="test_clamped_values_are_refused" time="0.000" /><testcase classname="test_display" name="test_out_of_range_is_refused" time="0.000" /><testcase classname="test_immutability" name="test_first_render_is_snapshotted_and_later_reads_serve_it" time="0.008" /><testcase classname="test_immutability" name="test_display_version_bump_leaves_the_existing_snapshot_untouched" time="0.008" /><testcase classname="test_immutability" name="test_pdf_bytes_are_stored_on_first_build_and_served_after" time="0.006" /><testcase classname="test_immutability" name="test_combined_pdf_is_invalidated_but_single_reports_are_not" time="0.008" /><testcase classname="tests.test_iteration7_composites_api" name="test_arithmetic_reproduces_user_reference" time="0.000" /><testcase classname="tests.test_iteration9.TestSnapshotImmutability" name="test_pdf_bytes_identical_on_two_fetches" time="0.803" /><testcase classname="tests.test_iteration9.TestEverydayMirror" name="test_start_returns_49_forced_choice_items" time="0.785" /><testcase classname="tests.test_iteration9.TestSnapshotImmutability" name="test_result_json_identical_on_two_fetches" time="0.243" /><testcase classname="tests.test_iteration9.TestEverydayMirror" name="test_reject_dotted_item_id" time="0.304" /><testcase classname="tests.test_iteration9.TestSnapshotImmutability" name="test_situation_switch_changes_pdf_then_restores" time="1.067" /><testcase classname="tests.test_iteration9.TestEverydayMirror" name="test_side_map_stable_within_session_random_across" time="0.386" /><testcase classname="tests.test_iteration9.TestEverydayMirror" name="test_complete_coherent_produces_scored_positions" time="1.078" /><testcase classname="tests.test_iteration9.TestAuthOwnership" name="test_anon_start_401" time="0.126" /><testcase classname="test_copy_lint" name="test_no_prediction_verbs_in_narrative" time="0.016" /><testcase classname="tests.test_iteration9.TestAuthOwnership" name="test_cross_user_403_result" time="0.540" /><testcase classname="test_copy_lint" name="test_no_claims_about_a_third_party" time="0.044" /><testcase classname="test_copy_lint" name="test_no_canned_string_renders_twice" time="0.000" /><testcase classname="tests.test_iteration9.TestPartners" name="test_audience_options" time="0.146" /><testcase classname="tests.test_iteration9.TestAuthOwnership" name="test_cross_user_403_pdf" time="0.173" /><testcase classname="tests.test_iteration9.TestPartners" name="test_apply_success_and_rate_limit_and_invalid_audience" time="1.423" /><testcase classname="tests.test_iteration9.TestCommonness" name="test_personality_result_has_commonness_no_sten_in_factors" time="0.147" /><testcase classname="tests.test_iteration9.TestCommonness" name="test_globals_have_no_commonness_but_position_label" time="0.166" /><testcase classname="test_locked_copy" name="test_locked_copy_hashes_unchanged" time="0.001" /><testcase classname="test_locked_copy" name="test_validated_only_for_established_instruments" time="0.000" /></testsuite></testsuites>