<?xml version="1.0" encoding="utf-8"?><testsuites name="pytest tests"><testsuite name="pytest" errors="0" failures="0" skipped="0" tests="23" time="8.479" timestamp="2026-09-09T12:45:11.333771+00:00" hostname="agent-env-3e9f5ab4-8a3a-4e7a-88d1-31c9d6f63cfa"><testcase classname="tests.test_iteration16" name="test_no_most_reliable_thing_in_findings" time="0.610" /><testcase classname="tests.test_iteration16" name="test_no_most_reliable_thing_in_any_result" time="0.499" /><testcase classname="tests.test_iteration16" name="test_display_version_disp_1_4_0" time="0.086" /><testcase classname="tests.test_iteration16" name="test_essential_carries_elevation" time="0.091" /><testcase classname="tests.test_iteration16" name="test_essential_shadow_has_basis" time="0.087" /><testcase classname="tests.test_iteration16" name="test_no_centred_gaps_leaked_into_reader_facing_copy" time="0.086" /><testcase classname="tests.test_iteration16" name="test_ei_named_block_present" time="0.096" /><testcase classname="tests.test_iteration16" name="test_ei_no_facet_leading_worth_developing" time="0.089" /><testcase classname="tests.test_iteration16" name="test_personality_agree_count_4_is_not_flagged" time="0.086" /><testcase classname="tests.test_iteration16" name="test_synthesis_no_runs_on_at_mid_scale_low_confidence" time="0.173" /><testcase classname="tests.test_iteration16" name="test_synthesis_names_personality_mirror_when_citing_a_trait" time="0.167" /><testcase classname="tests.test_iteration16" name="test_synthesis_ei_flat_message" time="0.208" /><testcase classname="tests.test_iteration16" name="test_set1e_all_mid_produces_nulls_not_agreements" time="0.616" /><testcase classname="tests.test_iteration16" name="test_set2e_or_set3e_produces_real_convergence" time="1.156" /><testcase classname="tests.test_iteration16" name="test_convergence_cards_declare_inherited_tier_and_confidence" time="0.372" /><testcase classname="tests.test_iteration16" name="test_forbidden_dated_forecasts_absent" time="0.580" /><testcase classname="tests.test_iteration16" name="test_methodology_page_loads" time="0.229" /><testcase classname="tests.test_iteration16" name="test_combined_pdf_renders" time="0.095" /><testcase classname="tests.test_iteration16" name="test_individual_pdfs_render" time="0.449" /><testcase classname="tests.test_iteration16" name="test_ownership_blocks_other_users" time="1.380" /><testcase classname="tests.test_iteration16" name="test_registration_and_login_regression" time="0.671" /><testcase classname="tests.test_iteration16" name="test_junction_start_anonymous" time="0.145" /><testcase classname="tests.test_iteration16" name="test_speeding_reports_proportion_not_mean" time="0.453" /></testsuite></testsuites>