<?xml version="1.0" encoding="utf-8"?><testsuites name="pytest tests"><testsuite name="pytest" errors="0" failures="0" skipped="0" tests="11" time="1.860" timestamp="2026-09-07T17:08:22.198683+00:00" hostname="agent-env-3e9f5ab4-8a3a-4e7a-88d1-31c9d6f63cfa"><testcase classname="tests.test_iteration14" name="test_personality_choosing_no_sten_pattern" time="0.590" /><testcase classname="tests.test_iteration14" name="test_combined_pdf_no_sten_pattern" time="0.149" /><testcase classname="tests.test_iteration14" name="test_combined_pdf_five_instruments" time="0.013" /><testcase classname="tests.test_iteration14" name="test_combined_pdf_byte_identical" time="0.108" /><testcase classname="tests.test_iteration14" name="test_validity_line_new_copy" time="0.089" /><testcase classname="tests.test_iteration14" name="test_essential_delta_line_preserved" time="0.098" /><testcase classname="tests.test_iteration14" name="test_ei_x_of_5_preserved" time="0.092" /><testcase classname="tests.test_iteration14" name="test_closeness_x_of_7_preserved" time="0.089" /><testcase classname="tests.test_iteration14" name="test_choosing_block_renders_for_every_instrument" time="0.448" /><testcase classname="tests.test_iteration14" name="test_methodology_page_reachable" time="0.148" /><testcase classname="tests.test_iteration14" name="test_display_version_bumped" time="0.001" /></testsuite></testsuites>