<?xml version="1.0" encoding="utf-8"?><testsuites name="pytest tests"><testsuite name="pytest" errors="0" failures="0" skipped="0" tests="116" time="110.241" timestamp="2026-08-18T16:01:38.904467+00:00" hostname="agent-env-3e9f5ab4-8a3a-4e7a-88d1-31c9d6f63cfa"><testcase classname="tests.test_auth" name="test_register_returns_user_and_token" time="0.390" /><testcase classname="tests.test_auth" name="test_register_normalises_email_lowercase" time="0.304" /><testcase classname="tests.test_auth" name="test_register_duplicate_email_409" time="0.369" /><testcase classname="tests.test_auth" name="test_register_short_password_422" time="0.078" /><testcase classname="tests.test_auth" name="test_register_invalid_situation_422" time="0.074" /><testcase classname="tests.test_auth" name="test_login_success_shared_user" time="0.303" /><testcase classname="tests.test_auth" name="test_login_wrong_password_401" time="0.312" /><testcase classname="tests.test_auth" name="test_me_returns_situation_label" time="0.376" /><testcase classname="tests.test_auth" name="test_me_no_token_401" time="0.086" /><testcase classname="tests.test_auth" name="test_me_garbage_token_401" time="0.071" /><testcase classname="tests.test_auth" name="test_brute_force_lockout" time="1.961" /><testcase classname="tests.test_auth" name="test_assessment_start_requires_auth" time="0.087" /><testcase classname="tests.test_auth" name="test_assessment_start_ok_with_bearer_and_stamps_user" time="0.489" /><testcase classname="tests.test_auth" name="test_flag_check_open_no_auth" time="0.239" /><testcase classname="tests.test_auth" name="test_me_sessions_lists_completed_only_for_owner" time="0.992" /><testcase classname="tests.test_auth" name="test_claim_only_attaches_unowned_and_not_stolen" time="1.042" /><testcase classname="tests.test_composites" name="test_equations_unchanged" time="0.000" /><testcase classname="tests.test_composites" name="test_gains_remain_uncalibrated" time="0.000" /><testcase classname="tests.test_composites" name="test_reference_profile_reproduces" time="0.000" /><testcase classname="tests.test_composites" name="test_self_control_is_low_for_reference_profile" time="0.000" /><testcase classname="tests.test_composites" name="test_provenance_exposes_every_contribution" time="0.000" /><testcase classname="tests.test_iteration3" name="test_forgot_password_returns_sent_true_for_existing_user" time="0.765" /><testcase classname="tests.test_iteration3" name="test_forgot_password_no_enumeration" time="0.062" /><testcase classname="tests.test_iteration3" name="test_reset_password_garbage_token_400" time="0.067" /><testcase classname="tests.test_iteration3" name="test_reset_password_expired_token_400" time="0.387" /><testcase classname="tests.test_iteration3" name="test_reset_password_happy_path_and_single_use" time="1.223" /><testcase classname="tests.test_iteration3" name="test_reset_clears_lockout" time="2.474" /><testcase classname="tests.test_iteration3" name="test_ownership_403_on_responses" time="0.720" /><testcase classname="tests.test_iteration3" name="test_ownership_403_on_complete" time="0.828" /><testcase classname="tests.test_iteration3" name="test_ownership_403_on_result_fetch" time="0.878" /><testcase classname="tests.test_iteration3" name="test_scoring_independent_of_situation[essential]" time="1.731" /><testcase classname="tests.test_iteration3" name="test_scoring_independent_of_situation[personality]" time="1.724" /><testcase classname="tests.test_iteration3" name="test_scoring_independent_of_situation[eq]" time="1.669" /><testcase classname="tests.test_iteration3" name="test_scoring_independent_of_situation[closeness]" time="1.736" /><testcase classname="tests.test_iteration5" name="test_combined_pdf_401_no_token" time="0.216" /><testcase classname="tests.test_iteration5" name="test_combined_pdf_409_when_no_completions" time="0.722" /><testcase classname="tests.test_iteration5" name="test_combined_pdf_one_instrument_shape" time="0.778" /><testcase classname="tests.test_iteration5" name="test_combined_pdf_four_instruments" time="2.050" /><testcase classname="tests.test_iteration5" name="test_combined_pdf_crosscheck_matches_findings_endpoint" time="0.489" /><testcase classname="tests.test_iteration5" name="test_combined_pdf_numbers_match_result" time="0.334" /><testcase classname="tests.test_iteration5" name="test_combined_pdf_dedupes_to_most_recent" time="1.026" /><testcase classname="tests.test_iteration5" name="test_combined_pdf_no_cross_user_leak" time="1.861" /><testcase classname="tests.test_iteration5" name="test_situation_patch_401_no_token" time="0.133" /><testcase classname="tests.test_iteration5" name="test_situation_patch_400_invalid_value" time="0.562" /><testcase classname="tests.test_iteration5" name="test_situation_patch_valid_values[single_dating-Single &amp; dating]" time="0.960" /><testcase classname="tests.test_iteration5" name="test_situation_patch_valid_values[in_relationship-In a relationship]" time="1.010" /><testcase classname="tests.test_iteration5" name="test_situation_patch_valid_values[post_breakup-Post-breakup]" time="1.034" /><testcase classname="tests.test_iteration5" name="test_situation_switch_does_not_rescore" time="0.995" /><testcase classname="tests.test_iteration5" name="test_situation_switch_reframes_per_result_pdf" time="0.977" /><testcase classname="tests.test_iteration5" name="test_situation_switch_reframes_combined_pdf" time="1.738" /><testcase classname="tests.test_iteration6" name="test_bug3_personality_no_adjacent_same_factor" time="0.297" /><testcase classname="tests.test_iteration6" name="test_bug3_eq_no_adjacent_same_sub" time="0.000" /><testcase classname="tests.test_iteration6" name="test_bug3_essential_no_adjacent_same_category_within_lens" time="0.000" /><testcase classname="tests.test_iteration6" name="test_bug3_closeness_preserves_spec_order" time="0.000" /><testcase classname="tests.test_iteration6" name="test_bug3_order_stable_on_resume" time="1.010" /><testcase classname="tests.test_iteration6" name="test_bug1_choosing_block_present_all_four_result_endpoint" time="2.177" /><testcase classname="tests.test_iteration6" name="test_bug1_choosing_block_present_on_complete_endpoint" time="0.706" /><testcase classname="tests.test_iteration6" name="test_bug1_choosing_quotes_real_numbers" time="0.322" /><testcase classname="tests.test_iteration6" name="test_bug1_choosing_not_stored_in_snapshot" time="0.005" /><testcase classname="tests.test_iteration6" name="test_bug1_choosing_in_per_result_pdf" time="0.406" /><testcase classname="tests.test_iteration6" name="test_bug1_choosing_in_combined_pdf" time="0.153" /><testcase classname="tests.test_iteration6" name="test_bug2_findings_return_agreements_and_synthesis" time="0.078" /><testcase classname="tests.test_iteration6" name="test_bug2_agreements_only_when_close" time="0.000" /><testcase classname="tests.test_iteration6" name="test_bug2_tensions_only_when_far" time="0.000" /><testcase classname="tests.test_iteration6" name="test_bug2_convergent_and_divergent_via_api" time="1.386" /><testcase classname="tests.test_iteration6" name="test_bug2_no_crosscheck_with_one_instrument" time="0.835" /><testcase classname="tests.test_iteration6" name="test_bug2_combined_pdf_has_agreement_finding_and_synthesis" time="0.139" /><testcase classname="tests.test_iteration6" name="test_regression_item_counts" time="0.002" /><testcase classname="tests.test_iteration7_composites_api" name="test_personality_result_has_composites" time="0.736" /><testcase classname="tests.test_iteration7_composites_api" name="test_every_contribution_has_required_fields" time="0.195" /><testcase classname="tests.test_iteration7_composites_api" name="test_contributions_sum_matches_score_precise" time="0.150" /><testcase classname="tests.test_iteration7_composites_api" name="test_residual_flags_and_polarity" time="0.169" /><testcase classname="tests.test_iteration7_composites_api" name="test_composites_not_persisted_in_mongo" time="0.004" /><testcase classname="tests.test_iteration7_composites_api" name="test_no_composites_on_other_instruments" time="0.445" /><testcase classname="tests.test_iteration7_composites_api" name="test_arithmetic_reproduces_user_reference" time="0.000" /><testcase classname="tests.test_mirror_v2" name="test_instruments_list" time="0.472" /><testcase classname="tests.test_mirror_v2" name="test_essential_lifecycle" time="0.451" /><testcase classname="tests.test_mirror_v2" name="test_personality_lifecycle" time="0.547" /><testcase classname="tests.test_mirror_v2" name="test_eq_lifecycle" time="0.557" /><testcase classname="tests.test_mirror_v2" name="test_closeness_lifecycle_no_bands" time="0.357" /><testcase classname="tests.test_mirror_v2" name="test_immutability_and_double_complete" time="0.571" /><testcase classname="tests.test_mirror_v2" name="test_unknown_instrument_404" time="0.086" /><testcase classname="tests.test_mirror_v2" name="test_out_of_range_value_400" time="0.186" /><testcase classname="tests.test_mirror_v2" name="test_put_on_completed_409" time="0.457" /><testcase classname="tests.test_mirror_v2" name="test_flag_check_result_shape_no_score" time="0.286" /><testcase classname="tests.test_mirror_v2" name="test_flag_safety_yes" time="0.300" /><testcase classname="tests.test_mirror_v2" name="test_flag_safety_unsure" time="0.283" /><testcase classname="tests.test_mirror_v2" name="test_flag_insufficient" time="0.277" /><testcase classname="tests.test_mirror_v2" name="test_mirrors_summary_and_findings" time="1.106" /><testcase classname="tests.test_mirror_v2" name="test_findings_empty_below_two" time="0.444" /><testcase classname="tests.test_pdf_report" name="test_pdf_401_without_token" time="33.281" /><testcase classname="tests.test_pdf_report" name="test_pdf_403_other_user" time="8.781" /><testcase classname="tests.test_pdf_report" name="test_pdf_404_unknown_session" time="0.159" /><testcase classname="tests.test_pdf_report" name="test_pdf_409_incomplete" time="0.331" /><testcase classname="tests.test_pdf_report" name="test_pdf_happy_path[essential]" time="0.167" /><testcase classname="tests.test_pdf_report" name="test_pdf_happy_path[personality]" time="0.182" /><testcase classname="tests.test_pdf_report" name="test_pdf_happy_path[eq]" time="0.180" /><testcase classname="tests.test_pdf_report" name="test_pdf_happy_path[closeness]" time="0.180" /><testcase classname="tests.test_pdf_report" name="test_pdf_content_required[essential]" time="0.155" /><testcase classname="tests.test_pdf_report" name="test_pdf_content_required[personality]" time="0.173" /><testcase classname="tests.test_pdf_report" name="test_pdf_content_required[eq]" time="0.212" /><testcase classname="tests.test_pdf_report" name="test_pdf_content_required[closeness]" time="0.164" /><testcase classname="tests.test_pdf_report" name="test_pdf_forbidden_content[essential]" time="0.182" /><testcase classname="tests.test_pdf_report" name="test_pdf_forbidden_content[personality]" time="0.231" /><testcase classname="tests.test_pdf_report" name="test_pdf_forbidden_content[eq]" time="0.230" /><testcase classname="tests.test_pdf_report" name="test_pdf_forbidden_content[closeness]" time="0.164" /><testcase classname="tests.test_pdf_report" name="test_closeness_no_band_or_percentile" time="0.170" /><testcase classname="tests.test_pdf_report" name="test_essential_numbers_match" time="0.343" /><testcase classname="tests.test_pdf_report" name="test_eq_numbers_match" time="4.470" /><testcase classname="tests.test_pdf_report" name="test_personality_numbers_match" time="0.494" /><testcase classname="tests.test_pdf_report" name="test_closeness_numbers_match" time="0.290" /><testcase classname="tests.test_pdf_report" name="test_situation_framing_differs_numbers_same" time="3.411" /><testcase classname="tests.test_pdf_report" name="test_essential_delta_wording_direction" time="1.540" /><testcase classname="tests.test_pdf_report" name="test_essential_flat_all_ones" time="0.783" /><testcase classname="tests.test_pdf_report" name="test_essential_flat_all_fives" time="0.719" /><testcase classname="tests.test_pdf_report" name="test_personality_flagged_validity" time="1.088" /></testsuite></testsuites>