<?xml version="1.0" encoding="utf-8"?><testsuites name="pytest tests"><testsuite name="pytest" errors="0" failures="0" skipped="0" tests="18" time="8.686" timestamp="2026-08-18T15:15:54.157183+00:00" hostname="agent-env-3e9f5ab4-8a3a-4e7a-88d1-31c9d6f63cfa"><testcase classname="tests.test_iteration6" name="test_bug3_personality_no_adjacent_same_factor" time="0.707" /><testcase classname="tests.test_iteration6" name="test_bug3_eq_no_adjacent_same_sub" time="0.001" /><testcase classname="tests.test_iteration6" name="test_bug3_essential_no_adjacent_same_category_within_lens" time="0.001" /><testcase classname="tests.test_iteration6" name="test_bug3_closeness_preserves_spec_order" time="0.000" /><testcase classname="tests.test_iteration6" name="test_bug3_order_stable_on_resume" time="1.086" /><testcase classname="tests.test_iteration6" name="test_bug1_choosing_block_present_all_four_result_endpoint" time="2.273" /><testcase classname="tests.test_iteration6" name="test_bug1_choosing_block_present_on_complete_endpoint" time="0.750" /><testcase classname="tests.test_iteration6" name="test_bug1_choosing_quotes_real_numbers" time="0.352" /><testcase classname="tests.test_iteration6" name="test_bug1_choosing_not_stored_in_snapshot" time="0.006" /><testcase classname="tests.test_iteration6" name="test_bug1_choosing_in_per_result_pdf" time="0.410" /><testcase classname="tests.test_iteration6" name="test_bug1_choosing_in_combined_pdf" time="0.151" /><testcase classname="tests.test_iteration6" name="test_bug2_findings_return_agreements_and_synthesis" time="0.080" /><testcase classname="tests.test_iteration6" name="test_bug2_agreements_only_when_close" time="0.000" /><testcase classname="tests.test_iteration6" name="test_bug2_tensions_only_when_far" time="0.000" /><testcase classname="tests.test_iteration6" name="test_bug2_convergent_and_divergent_via_api" time="1.600" /><testcase classname="tests.test_iteration6" name="test_bug2_no_crosscheck_with_one_instrument" time="0.933" /><testcase classname="tests.test_iteration6" name="test_bug2_combined_pdf_has_agreement_finding_and_synthesis" time="0.171" /><testcase classname="tests.test_iteration6" name="test_regression_item_counts" time="0.002" /></testsuite></testsuites>