<?xml version="1.0" encoding="utf-8"?><testsuites name="pytest tests"><testsuite name="pytest" errors="0" failures="0" skipped="0" tests="443" time="117.486" timestamp="2026-09-09T16:35:00.521910+00:00" hostname="agent-env-3e9f5ab4-8a3a-4e7a-88d1-31c9d6f63cfa"><testcase classname="test_junction_guards" name="test_g1_no_scoring_module_exists_for_this_instrument" time="0.000" /><testcase classname="test_junction_guards" name="test_g1_the_route_imports_no_scorer" time="0.003" /><testcase classname="test_junction_guards" name="test_g1_no_function_in_the_route_scores_anything" time="0.002" /><testcase classname="test_junction_guards" name="test_g1_removing_the_guard_fails" time="0.000" /><testcase classname="test_junction_guards" name="test_g2_the_document_has_exactly_one_owner_field" time="0.003" /><testcase classname="test_junction_guards" name="test_g2_no_write_accepts_an_identity_from_the_caller" time="0.002" /><testcase classname="test_junction_guards" name="test_g3_the_share_payload_contains_no_answers" time="0.004" /><testcase classname="test_junction_guards" name="test_g3_the_share_route_takes_no_parameter" time="0.002" /><testcase classname="test_junction_guards" name="test_g3_no_route_can_return_someone_elses_answers_to_a_sender" time="0.000" /><testcase classname="test_junction_guards" name="test_g3_removing_the_guard_fails" time="0.000" /><testcase classname="test_junction_guards" name="test_g4_the_bank_carries_no_alignment_language" time="0.000" /><testcase classname="test_junction_guards" name="test_g4_the_route_copy_carries_no_alignment_language" time="0.004" /><testcase classname="test_junction_guards" name="test_g4_the_page_carries_no_alignment_language" time="0.001" /><testcase classname="test_junction_guards" name="test_g4_no_agreement_count_is_produced" time="0.028" /><testcase classname="test_junction_guards" name="test_the_bank_has_six_items_and_no_scoring_key" time="0.000" /><testcase classname="test_junction_guards" name="test_every_item_offers_an_honest_dont_know" time="0.000" /><testcase classname="test_junction_guards" name="test_the_faith_item_never_asks_which_faith" time="0.000" /><testcase classname="test_junction_guards" name="test_the_children_item_never_mentions_capability" time="0.000" /><testcase classname="test_junction_guards" name="test_the_closing_line_is_hash_locked" time="0.000" /><testcase classname="test_junction_guards" name="test_the_first_screen_tells_the_reader_not_to_answer_for_somebody_else" time="0.000" /><testcase classname="test_junction_guards" name="test_the_finding_counts_unanswered_items_and_names_them" time="0.000" /><testcase classname="test_junction_guards" name="test_all_six_answered_is_its_own_finding" time="0.000" /><testcase classname="test_junction_guards" name="test_prefer_not_to_say_is_an_answer_not_a_gap" time="0.000" /><testcase classname="test_junction_guards" name="test_the_finding_is_the_only_inference" time="0.000" /><testcase classname="test_junction_guards" name="test_retention_is_ninety_days_and_the_job_exists" time="0.000" /><testcase classname="test_junction_guards" name="test_the_purge_only_ever_touches_unclaimed_documents" time="0.000" /><testcase classname="test_junction_guards" name="test_the_cron_is_declared_and_authenticated" time="0.001" /><testcase classname="test_junction_guards" name="test_the_claim_path_is_reused_not_reinvented" time="0.004" /><testcase classname="test_reportable" name="test_the_floor_is_derived_not_picked" time="0.000" /><testcase classname="test_reportable" name="test_every_floor_is_rounded_up_never_down" time="0.000" /><testcase classname="test_reportable" name="test_the_personality_floor_shares_the_ei_assumption_and_is_absolute" time="0.000" /><testcase classname="test_reportable" name="test_a_pessimistic_alpha_produces_a_larger_floor" time="0.000" /><testcase classname="test_reportable" name="test_the_floor_is_larger_than_the_synthetic_corpus_would_have_given" time="0.000" /><testcase classname="test_reportable" name="test_a_third_of_a_point_names_nothing" time="0.000" /><testcase classname="test_reportable" name="test_the_suppressed_branch_gives_one_band_and_the_two_audit_numbers" time="0.000" /><testcase classname="test_reportable" name="test_the_resolved_branch_carries_no_band" time="0.000" /><testcase classname="test_reportable" name="test_a_genuinely_spread_profile_still_names" time="0.000" /><testcase classname="test_reportable" name="test_the_margin_is_against_the_next_one_not_the_mean" time="0.000" /><testcase classname="test_reportable" name="test_facets_are_neither_ranked_nor_numbered" time="0.000" /><testcase classname="test_reportable" name="test_the_floor_comes_from_the_item_not_the_instrument" time="0.000" /><testcase classname="test_reportable" name="test_speeding_reports_a_proportion_not_a_mean" time="0.000" /><testcase classname="test_reportable" name="test_careful_answering_is_not_flagged" time="0.000" /><testcase classname="test_reportable" name="test_the_cut_sits_above_the_content_blind_null[0-NORMAL]" time="0.000" /><testcase classname="test_reportable" name="test_the_cut_sits_above_the_content_blind_null[4-NORMAL]" time="0.000" /><testcase classname="test_reportable" name="test_the_cut_sits_above_the_content_blind_null[6-NORMAL]" time="0.000" /><testcase classname="test_reportable" name="test_the_cut_sits_above_the_content_blind_null[7-ELEVATED]" time="0.000" /><testcase classname="test_reportable" name="test_the_cut_sits_above_the_content_blind_null[8-ELEVATED]" time="0.000" /><testcase classname="test_reportable" name="test_the_cut_sits_above_the_content_blind_null[9-HIGH]" time="0.000" /><testcase classname="test_reportable" name="test_the_cut_sits_above_the_content_blind_null[10-HIGH]" time="0.000" /><testcase classname="test_reportable" name="test_the_corpus_is_not_claimed_as_a_check_on_the_null" time="0.000" /><testcase classname="test_reportable" name="test_the_null_is_where_the_cut_came_from" time="0.000" /><testcase classname="tests.test_iteration16" name="test_no_most_reliable_thing_in_findings" time="0.924" /><testcase classname="tests.test_iteration16" name="test_no_most_reliable_thing_in_any_result" time="0.576" /><testcase classname="tests.test_iteration16" name="test_display_version_disp_1_4_0" time="0.087" /><testcase classname="tests.test_iteration16" name="test_essential_carries_elevation" time="0.087" /><testcase classname="tests.test_iteration16" name="test_essential_shadow_has_basis" time="0.094" /><testcase classname="tests.test_iteration16" name="test_no_centred_gaps_leaked_into_reader_facing_copy" time="0.140" /><testcase classname="tests.test_iteration16" name="test_ei_named_block_present" time="0.090" /><testcase classname="tests.test_iteration16" name="test_ei_no_facet_leading_worth_developing" time="0.094" /><testcase classname="tests.test_iteration16" name="test_personality_agree_count_4_is_not_flagged" time="0.094" /><testcase classname="tests.test_iteration16" name="test_synthesis_no_runs_on_at_mid_scale_low_confidence" time="0.175" /><testcase classname="tests.test_iteration16" name="test_synthesis_names_personality_mirror_when_citing_a_trait" time="0.172" /><testcase classname="tests.test_iteration16" name="test_synthesis_ei_flat_message" time="0.225" /><testcase classname="tests.test_iteration16" name="test_set1e_all_mid_produces_nulls_not_agreements" time="0.903" /><testcase classname="tests.test_pdf_report" name="test_pdf_401_without_token" time="4.158" /><testcase classname="tests.test_iteration16" name="test_set2e_or_set3e_produces_real_convergence" time="1.246" /><testcase classname="tests.test_pdf_report" name="test_pdf_403_other_user" time="0.823" /><testcase classname="tests.test_pdf_report" name="test_pdf_404_unknown_session" time="0.168" /><testcase classname="tests.test_iteration16" name="test_convergence_cards_declare_inherited_tier_and_confidence" time="0.462" /><testcase classname="tests.test_pdf_report" name="test_pdf_409_incomplete" time="0.330" /><testcase classname="tests.test_iteration16" name="test_forbidden_dated_forecasts_absent" time="0.881" /><testcase classname="tests.test_pdf_report" name="test_pdf_happy_path[essential]" time="0.216" /><testcase classname="tests.test_pdf_report" name="test_pdf_happy_path[personality]" time="0.163" /><testcase classname="tests.test_pdf_report" name="test_pdf_happy_path[eq]" time="0.176" /><testcase classname="tests.test_pdf_report" name="test_pdf_happy_path[closeness]" time="0.178" /><testcase classname="tests.test_pdf_report" name="test_pdf_content_required[essential]" time="0.174" /><testcase classname="tests.test_iteration16" name="test_methodology_page_loads" time="0.151" /><testcase classname="tests.test_pdf_report" name="test_pdf_content_required[personality]" time="0.171" /><testcase classname="tests.test_iteration16" name="test_combined_pdf_renders" time="0.097" /><testcase classname="tests.test_pdf_report" name="test_pdf_content_required[eq]" time="0.188" /><testcase classname="tests.test_iteration16" name="test_individual_pdfs_render" time="0.486" /><testcase classname="tests.test_pdf_report" name="test_pdf_content_required[closeness]" time="0.165" /><testcase classname="tests.test_pdf_report" name="test_pdf_forbidden_content[essential]" time="0.161" /><testcase classname="tests.test_pdf_report" name="test_pdf_forbidden_content[personality]" time="0.171" /><testcase classname="tests.test_pdf_report" name="test_pdf_forbidden_content[eq]" time="0.268" /><testcase classname="tests.test_pdf_report" name="test_pdf_forbidden_content[closeness]" time="0.162" /><testcase classname="tests.test_iteration16" name="test_ownership_blocks_other_users" time="1.343" /><testcase classname="tests.test_pdf_report" name="test_closeness_no_band_or_percentile" time="0.176" /><testcase classname="tests.test_pdf_report" name="test_essential_numbers_match" time="0.345" /><testcase classname="tests.test_pdf_report" name="test_eq_numbers_match" time="0.601" /><testcase classname="tests.test_iteration16" name="test_registration_and_login_regression" time="0.680" /><testcase classname="tests.test_pdf_report" name="test_personality_numbers_match" time="0.506" /><testcase classname="tests.test_iteration16" name="test_junction_start_anonymous" time="0.208" /><testcase classname="tests.test_pdf_report" name="test_closeness_numbers_match" time="0.350" /><testcase classname="tests.test_iteration16" name="test_speeding_reports_proportion_not_mean" time="0.417" /><testcase classname="tests.test_pdf_report" name="test_situation_framing_differs_numbers_same" time="4.143" /><testcase classname="test_within_person" name="test_loudest_is_measured_from_the_readers_own_mean" time="0.000" /><testcase classname="test_within_person" name="test_three_in_total_not_three_each_way" time="0.000" /><testcase classname="test_within_person" name="test_ranking_is_on_absolute_distance_so_a_low_outlier_outranks_a_smaller_high_one" time="0.000" /><testcase classname="test_within_person" name="test_a_high_score_in_a_high_profile_is_not_loud" time="0.000" /><testcase classname="test_within_person" name="test_a_low_score_can_be_loud_upward" time="0.000" /><testcase classname="test_within_person" name="test_the_floor_stops_noise_being_promoted" time="0.000" /><testcase classname="test_within_person" name="test_the_floor_is_the_agreed_one_and_records_why" time="0.000" /><testcase classname="test_within_person" name="test_ties_break_deterministically" time="0.000" /><testcase classname="test_within_person" name="test_no_sentence_mentions_other_people" time="0.000" /><testcase classname="test_within_person" name="test_no_ordinary_row_prints_a_distance" time="0.000" /><testcase classname="test_within_person" name="test_no_sentence_carries_a_band_word_or_a_number" time="0.000" /><testcase classname="test_within_person" name="test_the_sentence_names_the_pole_the_reader_leans_toward" time="0.000" /><testcase classname="test_within_person" name="test_named_rows_say_so_in_the_approved_words" time="0.000" /><testcase classname="test_within_person" name="test_build_position_is_versioned" time="0.000" /><testcase classname="test_within_person" name="test_no_band_label_is_emitted_anywhere" time="0.000" /><testcase classname="test_within_person" name="test_stens_and_raw_scores_are_untouched_by_the_pause" time="0.000" /><testcase classname="test_within_person" name="test_extremes_come_from_within_profile_rank_not_a_sten_threshold" time="0.000" /><testcase classname="test_within_person" name="test_a_uniformly_high_profile_names_no_extremes" time="0.000" /><testcase classname="test_within_person" name="test_ei_reports_the_score_and_drops_the_grade" time="0.000" /><testcase classname="tests.test_iteration6" name="test_bug3_personality_no_adjacent_same_factor" time="0.000" /><testcase classname="tests.test_iteration6" name="test_bug3_eq_no_adjacent_same_sub" time="0.000" /><testcase classname="tests.test_iteration6" name="test_bug3_essential_no_adjacent_same_category_within_lens" time="0.001" /><testcase classname="tests.test_iteration6" name="test_bug3_closeness_preserves_spec_order" time="0.000" /><testcase classname="tests.test_iteration6" name="test_bug3_order_stable_on_resume" time="1.448" /><testcase classname="tests.test_iteration6" name="test_bug1_choosing_block_present_all_four_result_endpoint" time="2.433" /><testcase classname="tests.test_iteration6" name="test_bug1_choosing_block_present_on_complete_endpoint" time="0.828" /><testcase classname="tests.test_pdf_report" name="test_essential_delta_wording_direction" time="2.206" /><testcase classname="tests.test_iteration6" name="test_bug1_choosing_quotes_real_numbers" time="0.355" /><testcase classname="tests.test_iteration6" name="test_bug1_choosing_not_stored_in_snapshot" time="0.024" /><testcase classname="tests.test_iteration6" name="test_bug1_choosing_in_per_result_pdf" time="0.454" /><testcase classname="tests.test_iteration6" name="test_bug1_choosing_in_combined_pdf" time="0.197" /><testcase classname="tests.test_iteration6" name="test_bug2_findings_return_agreements_and_synthesis" time="0.086" /><testcase classname="tests.test_iteration6" name="test_bug2_agreements_only_when_close" time="0.000" /><testcase classname="tests.test_iteration6" name="test_bug2_tensions_only_when_far" time="0.000" /><testcase classname="tests.test_iteration6" name="test_bug2_convergent_and_divergent_via_api" time="1.468" /><testcase classname="tests.test_pdf_report" name="test_essential_flat_all_ones" time="0.847" /><testcase classname="tests.test_pdf_report" name="test_essential_flat_all_fives" time="1.018" /><testcase classname="tests.test_iteration6" name="test_bug2_no_crosscheck_with_one_instrument" time="0.839" /><testcase classname="tests.test_pdf_report" name="test_personality_flagged_validity" time="1.686" /><testcase classname="tests.test_iteration6" name="test_bug2_combined_pdf_has_agreement_finding_and_synthesis" time="0.101" /><testcase classname="tests.test_iteration6" name="test_regression_item_counts" time="0.002" /><testcase classname="tests.test_auth" name="test_register_returns_user_and_token" time="0.365" /><testcase classname="tests.test_auth" name="test_register_normalises_email_lowercase" time="0.303" /><testcase classname="tests.test_auth" name="test_register_duplicate_email_409" time="0.377" /><testcase classname="tests.test_auth" name="test_register_short_password_422" time="0.078" /><testcase classname="tests.test_auth" name="test_register_invalid_situation_422" time="0.082" /><testcase classname="tests.test_auth" name="test_login_success_shared_user" time="0.303" /><testcase classname="tests.test_auth" name="test_login_wrong_password_401" time="0.320" /><testcase classname="tests.test_auth" name="test_me_returns_situation_label" time="0.562" /><testcase classname="tests.test_mirror_v2" name="test_instruments_list" time="0.739" /><testcase classname="tests.test_mirror_v2" name="test_essential_lifecycle" time="0.641" /><testcase classname="tests.test_auth" name="test_me_no_token_401" time="0.134" /><testcase classname="tests.test_auth" name="test_me_garbage_token_401" time="0.083" /><testcase classname="tests.test_auth" name="test_brute_force_lockout" time="1.921" /><testcase classname="tests.test_mirror_v2" name="test_personality_lifecycle" time="1.605" /><testcase classname="tests.test_auth" name="test_assessment_start_requires_auth" time="0.084" /><testcase classname="tests.test_mirror_v2" name="test_eq_lifecycle" time="0.727" /><testcase classname="tests.test_auth" name="test_assessment_start_ok_with_bearer_and_stamps_user" time="0.471" /><testcase classname="tests.test_auth" name="test_flag_check_open_no_auth" time="0.259" /><testcase classname="tests.test_mirror_v2" name="test_closeness_lifecycle_no_bands" time="0.789" /><testcase classname="tests.test_auth" name="test_me_sessions_lists_completed_only_for_owner" time="1.140" /><testcase classname="tests.test_mirror_v2" name="test_immutability_and_double_complete" time="0.756" /><testcase classname="tests.test_auth" name="test_claim_only_attaches_unowned_and_not_stolen" time="1.179" /><testcase classname="tests.test_mirror_v2" name="test_unknown_instrument_404" time="0.081" /><testcase classname="tests.test_mirror_v2" name="test_out_of_range_value_400" time="0.391" /><testcase classname="tests.test_mirror_v2" name="test_put_on_completed_409" time="0.492" /><testcase classname="tests.test_iteration5" name="test_combined_pdf_401_no_token" time="0.186" /><testcase classname="tests.test_mirror_v2" name="test_flag_check_result_shape_no_score" time="0.474" /><testcase classname="tests.test_iteration5" name="test_combined_pdf_409_when_no_completions" time="0.561" /><testcase classname="tests.test_mirror_v2" name="test_flag_safety_yes" time="0.301" /><testcase classname="tests.test_mirror_v2" name="test_flag_safety_unsure" time="0.419" /><testcase classname="tests.test_mirror_v2" name="test_flag_insufficient" time="0.268" /><testcase classname="tests.test_iteration5" name="test_combined_pdf_one_instrument_shape" time="0.892" /><testcase classname="tests.test_mirror_v2" name="test_mirrors_summary_and_findings" time="1.377" /><testcase classname="tests.test_mirror_v2" name="test_findings_empty_below_two" time="0.477" /><testcase classname="tests.test_mirror_v2" name="test_everyday_lifecycle" time="0.419" /><testcase classname="tests.test_mirror_v2" name="test_everyday_items_are_forced_choice_pairs" time="0.210" /><testcase classname="tests.test_mirror_v2" name="test_everyday_side_map_is_stored_and_randomised" time="0.358" /><testcase classname="tests.test_iteration5" name="test_combined_pdf_four_instruments" time="2.690" /><testcase classname="tests.test_iteration5" name="test_combined_pdf_crosscheck_matches_findings_endpoint" time="0.366" /><testcase classname="test_copy_lint" name="test_lint_scope_is_not_empty" time="0.000" /><testcase classname="test_copy_lint" name="test_lint_scope_covers_every_backend_module" time="0.002" /><testcase classname="test_copy_lint" name="test_required_modules_still_resolve" time="0.000" /><testcase classname="test_copy_lint" name="test_no_prediction_verbs_in_narrative" time="0.147" /><testcase classname="test_copy_lint" name="test_the_banks_are_in_scope" time="0.000" /><testcase classname="test_copy_lint" name="test_no_claims_about_a_third_party" time="0.089" /><testcase classname="test_copy_lint" name="test_no_guarantee_language_while_alpha_is_placeholder" time="0.068" /><testcase classname="tests.test_iteration5" name="test_combined_pdf_numbers_match_result" time="0.327" /><testcase classname="test_copy_lint" name="test_no_population_claims_while_norms_are_paused" time="0.106" /><testcase classname="test_copy_lint" name="test_the_paused_population_layer_is_still_isolated" time="0.000" /><testcase classname="test_copy_lint" name="test_the_public_pages_are_in_lint_scope" time="0.000" /><testcase classname="test_copy_lint" name="test_no_norm_claims_on_the_public_pages" time="0.004" /><testcase classname="test_copy_lint" name="test_the_instrument_count_agrees_with_the_number_of_instruments" time="0.001" /><testcase classname="test_copy_lint" name="test_every_instrument_has_a_compressed_one_line_summary" time="0.000" /><testcase classname="test_copy_lint" name="test_no_canned_string_renders_twice" time="0.000" /><testcase classname="test_copy_lint" name="test_no_dated_forecasts_in_frontend_copy" time="0.001" /><testcase classname="test_everyday" name="test_bank_shape" time="0.000" /><testcase classname="test_everyday" name="test_pretest_is_declared_outstanding" time="0.000" /><testcase classname="test_everyday" name="test_block_a_positions_run_0_to_4" time="0.001" /><testcase classname="test_everyday" name="test_side_map_maps_choices_back_to_poles" time="0.000" /><testcase classname="test_everyday" name="test_two_two_split_is_undifferentiated_not_a_midpoint" time="0.000" /><testcase classname="test_everyday" name="test_block_b_wins_sum_to_21" time="0.000" /><testcase classname="test_everyday" name="test_a_transitive_ordering_has_no_circular_triads" time="0.000" /><testcase classname="test_everyday" name="test_circular_triads_are_detected_and_flagged" time="0.001" /><testcase classname="test_everyday" name="test_zeta_arithmetic" time="0.000" /><testcase classname="test_everyday" name="test_side_bias_flag" time="0.000" /><testcase classname="test_everyday" name="test_time_floor_flag" time="0.001" /><testcase classname="test_everyday" name="test_thin_domain_is_not_scored" time="0.000" /><testcase classname="test_everyday" name="test_the_map_names_the_four_corners" time="0.000" /><testcase classname="test_everyday" name="test_no_compatibility_score_or_norms_anywhere" time="0.000" /><testcase classname="test_everyday" name="test_no_item_id_contains_a_dot" time="0.000" /><testcase classname="test_crosscheck_gate" name="test_personality_displacement_is_within_profile_not_absolute" time="0.000" /><testcase classname="test_crosscheck_gate" name="test_the_closeness_dimensions_are_oriented_at_source" time="0.000" /><testcase classname="test_crosscheck_gate" name="test_two_mid_scale_readings_are_not_convergence" time="0.000" /><testcase classname="test_crosscheck_gate" name="test_no_superlative_survives_anywhere" time="0.000" /><testcase classname="test_crosscheck_gate" name="test_a_genuine_agreement_still_fires" time="0.000" /><testcase classname="test_crosscheck_gate" name="test_an_agreement_inherits_the_weaker_input" time="0.000" /><testcase classname="test_crosscheck_gate" name="test_an_opposite_facing_pair_is_a_tension" time="0.000" /><testcase classname="test_crosscheck_gate" name="test_one_displaced_and_one_at_the_middle_is_neither" time="0.000" /><testcase classname="test_crosscheck_gate" name="test_the_floor_is_the_middle_third" time="0.000" /><testcase classname="test_crosscheck_gate" name="test_the_summary_does_not_claim_a_driver_from_a_low_confidence_middle" time="0.000" /><testcase classname="test_crosscheck_gate" name="test_the_summary_does_not_contradict_itself_when_both_lenses_match" time="0.000" /><testcase classname="test_crosscheck_gate" name="test_an_agreement_names_both_tests_and_does_not_pretend_they_are_the_same" time="0.000" /><testcase classname="test_crosscheck_gate" name="test_a_tension_names_both_tests_too" time="0.000" /><testcase classname="test_crosscheck_gate" name="test_a_single_reading_names_the_one_test_it_passed" time="0.000" /><testcase classname="test_workorder_b" name="test_personality_instructions_name_the_factors_that_are_scored" time="0.000" /><testcase classname="test_workorder_b" name="test_personality_scope_copy_matches_the_locked_register" time="0.000" /><testcase classname="test_workorder_b" name="test_mrd_in_sd_units_is_equal_for_scale_sets_sharing_an_alpha" time="0.001" /><testcase classname="test_workorder_b" name="test_every_evaluated_scale_set_reports_both_units" time="0.000" /><testcase classname="test_workorder_b" name="test_diagnostics_report_a_rate_per_scale_set" time="0.000" /><testcase classname="test_workorder_b" name="test_the_norms_provenance_finding_is_on_the_record" time="0.001" /><testcase classname="test_workorder_b" name="test_the_published_methodology_note_still_says_the_hard_parts" time="0.000" /><testcase classname="test_workorder_b" name="test_the_note_is_actually_on_the_page" time="0.000" /><testcase classname="test_workorder_b" name="test_every_instrument_has_a_methodology_entry" time="0.000" /><testcase classname="test_workorder_b" name="test_the_everyday_entry_carries_the_pre_test_gap" time="0.000" /><testcase classname="test_workorder_b" name="test_the_ei_page_no_longer_describes_bands_it_does_not_emit" time="0.000" /><testcase classname="test_workorder_b" name="test_the_combined_reading_includes_every_instrument" time="0.000" /><testcase classname="test_workorder_b" name="test_the_centroid_finding_is_on_the_record" time="0.001" /><testcase classname="test_workorder_b" name="test_the_snapshot_still_carries_no_population_metadata" time="0.000" /><testcase classname="tests.test_junction" name="test_the_six_questions_are_served_without_an_account" time="0.208" /><testcase classname="tests.test_iteration5" name="test_combined_pdf_dedupes_to_most_recent" time="1.224" /><testcase classname="tests.test_junction" name="test_a_reader_with_no_account_completes_end_to_end" time="0.443" /><testcase classname="tests.test_junction" name="test_what_they_could_not_answer_is_named" time="0.392" /><testcase classname="tests.test_junction" name="test_prefer_not_to_say_appears_as_chosen_not_as_missing" time="0.281" /><testcase classname="tests.test_junction" name="test_the_result_carries_no_score_band_or_alignment" time="1.045" /><testcase classname="tests.test_iteration5" name="test_combined_pdf_no_cross_user_leak" time="2.164" /><testcase classname="tests.test_junction" name="test_nothing_answered_cannot_be_completed" time="0.154" /><testcase classname="tests.test_junction" name="test_an_unknown_answer_is_refused" time="0.158" /><testcase classname="tests.test_junction" name="test_an_unfinished_check_resumes" time="0.268" /><testcase classname="tests.test_junction" name="test_an_anonymous_check_claims_onto_an_account_created_afterwards" time="1.576" /><testcase classname="tests.test_iteration5" name="test_situation_patch_401_no_token" time="0.152" /><testcase classname="tests.test_iteration5" name="test_situation_patch_400_invalid_value" time="0.780" /><testcase classname="tests.test_iteration5" name="test_situation_patch_valid_values[single_dating-Single &amp; dating]" time="1.550" /><testcase classname="tests.test_junction" name="test_a_claimed_check_cannot_be_claimed_by_a_second_account" time="1.180" /><testcase classname="tests.test_junction" name="test_the_limiter_fires_and_a_single_completion_is_unaffected" time="4.555" /><testcase classname="tests.test_iteration5" name="test_situation_patch_valid_values[in_relationship-In a relationship]" time="2.549" /><testcase classname="tests.test_iteration5" name="test_situation_patch_valid_values[post_breakup-Post-breakup]" time="1.035" /><testcase classname="tests.test_iteration5" name="test_situation_switch_does_not_rescore" time="1.182" /><testcase classname="tests.test_junction" name="test_an_oversized_body_is_refused" time="0.131" /><testcase classname="tests.test_junction" name="test_the_cron_endpoint_refuses_without_the_secret" time="0.256" /><testcase classname="tests.test_junction" name="test_the_purge_deletes_unclaimed_answers_older_than_ninety_days" time="0.288" /><testcase classname="tests.test_iteration5" name="test_situation_switch_reframes_per_result_pdf" time="1.732" /><testcase classname="tests.test_iteration3" name="test_forgot_password_returns_sent_true_for_existing_user" time="0.935" /><testcase classname="tests.test_iteration3" name="test_forgot_password_no_enumeration" time="0.081" /><testcase classname="tests.test_iteration3" name="test_reset_password_garbage_token_400" time="0.115" /><testcase classname="tests.test_iteration3" name="test_reset_password_expired_token_400" time="0.395" /><testcase classname="tests.test_iteration3" name="test_reset_password_happy_path_and_single_use" time="1.492" /><testcase classname="tests.test_iteration5" name="test_situation_switch_reframes_combined_pdf" time="3.485" /><testcase classname="tests.test_iteration3" name="test_reset_clears_lockout" time="3.006" /><testcase classname="tests.test_iteration3" name="test_ownership_403_on_responses" time="0.816" /><testcase classname="tests.test_iteration11" name="test_ui_demo_all_completed_results_open_without_500" time="9.590" /><testcase classname="tests.test_iteration3" name="test_ownership_403_on_complete" time="0.963" /><testcase classname="tests.test_iteration3" name="test_ownership_403_on_result_fetch" time="1.090" /><testcase classname="tests.test_iteration3" name="test_scoring_independent_of_situation[essential]" time="2.025" /><testcase classname="tests.test_iteration3" name="test_scoring_independent_of_situation[personality]" time="2.034" /><testcase classname="tests.test_iteration3" name="test_scoring_independent_of_situation[eq]" time="1.983" /><testcase classname="tests.test_iteration11" name="test_individual_and_combined_pdfs_are_byte_identical_on_repeat" time="0.976" /><testcase classname="tests.test_iteration3" name="test_scoring_independent_of_situation[closeness]" time="2.067" /><testcase classname="tests.test_iteration11" name="test_situation_flip_then_flip_back_returns_original_pdf_bytes" time="1.141" /><testcase classname="tests.test_iteration11" name="test_personality_result_has_position_block_and_no_commonness" time="0.137" /><testcase classname="tests.test_iteration11" name="test_at_most_three_factors_flagged_loudest" time="0.194" /><testcase classname="tests.test_iteration11" name="test_ei_scorer_source_emits_no_band_words" time="0.000" /><testcase classname="tests.test_iteration11" name="test_ei_pdf_still_renders" time="0.297" /><testcase classname="tests.test_iteration11" name="test_personality_pdf_has_no_population_language" time="0.271" /><testcase classname="tests.test_iteration14" name="test_personality_choosing_no_sten_pattern" time="0.570" /><testcase classname="tests.test_iteration11" name="test_junction_share_payload_serves_six_items" time="0.171" /><testcase classname="tests.test_iteration14" name="test_combined_pdf_no_sten_pattern" time="0.130" /><testcase classname="tests.test_iteration14" name="test_combined_pdf_five_instruments" time="0.013" /><testcase classname="tests.test_iteration14" name="test_combined_pdf_byte_identical" time="0.086" /><testcase classname="tests.test_iteration14" name="test_validity_line_new_copy" time="0.085" /><testcase classname="tests.test_iteration11" name="test_junction_result_carries_no_score_or_second_person_claim" time="0.689" /><testcase classname="tests.test_iteration14" name="test_essential_delta_line_preserved" time="0.087" /><testcase classname="tests.test_iteration14" name="test_ei_x_of_5_preserved" time="0.106" /><testcase classname="tests.test_iteration14" name="test_closeness_x_of_7_preserved" time="0.093" /><testcase classname="tests.test_iteration14" name="test_choosing_block_renders_for_every_instrument" time="0.463" /><testcase classname="tests.test_iteration11" name="test_junction_intro_and_safety_present_on_share_payload" time="0.160" /><testcase classname="tests.test_iteration14" name="test_methodology_page_reachable" time="0.158" /><testcase classname="tests.test_iteration11" name="test_cron_purge_requires_secret" time="0.742" /><testcase classname="tests.test_iteration14" name="test_display_version_bumped" time="0.001" /><testcase classname="test_display" name="test_sten_pct_matches_the_normal_curve" time="0.000" /><testcase classname="test_display" name="test_the_two_corrected_cells" time="0.000" /><testcase classname="test_display" name="test_fractions_are_rounded_never_decimal" time="0.000" /><testcase classname="test_display" name="test_every_population_statement_is_refused_while_norms_are_paused" time="0.000" /><testcase classname="test_display" name="test_the_population_layer_survives_intact_behind_the_switch" time="0.000" /><testcase classname="test_display" name="test_composites_are_refused" time="0.000" /><testcase classname="test_display" name="test_clamped_values_are_refused" time="0.000" /><testcase classname="test_display" name="test_out_of_range_is_refused" time="0.000" /><testcase classname="test_display" name="test_display_version_moved_with_the_pause" time="0.000" /><testcase classname="test_essential_tie" name="test_margin_is_five_points" time="0.000" /><testcase classname="test_essential_tie" name="test_a_clear_lead_is_ranked" time="0.000" /><testcase classname="test_essential_tie" name="test_an_exact_tie_is_not_broken_by_insertion_order" time="0.000" /><testcase classname="test_essential_tie" name="test_the_margin_is_exclusive_at_five[0-True]" time="0.000" /><testcase classname="test_essential_tie" name="test_the_margin_is_exclusive_at_five[4-True]" time="0.000" /><testcase classname="test_essential_tie" name="test_the_margin_is_exclusive_at_five[5-False]" time="0.000" /><testcase classname="test_essential_tie" name="test_the_margin_is_exclusive_at_five[6-False]" time="0.000" /><testcase classname="test_essential_tie" name="test_the_gap_is_always_reported" time="0.000" /><testcase classname="test_essential_tie" name="test_scoring_itself_is_unchanged" time="0.000" /><testcase classname="test_rk_spec" name="test_the_spec_is_not_published" time="0.005" /><testcase classname="test_rk_spec" name="test_instrument_table_matches_the_code" time="0.001" /><testcase classname="test_rk_spec" name="test_mrd_thresholds_match_the_engine" time="0.000" /><testcase classname="test_rk_spec" name="test_version_stamps_match_the_code" time="0.000" /><testcase classname="test_rk_spec" name="test_situations_match_the_code" time="0.000" /><testcase classname="test_rk_spec" name="test_collections_named_in_the_spec_are_the_ones_in_use" time="0.002" /><testcase classname="test_rk_spec" name="test_the_defect_register_is_present_and_ordered" time="0.000" /><testcase classname="test_rk_spec" name="test_flag_check_counts_and_constraint" time="0.000" /><testcase classname="test_rk_spec" name="test_no_payment_integration_is_claimed" time="0.000" /><testcase classname="tests.test_iteration13" name="test_all_five_sessions_present" time="0.466" /><testcase classname="tests.test_iteration13" name="test_result_pages_open" time="0.632" /><testcase classname="test_mrd" name="test_sem_and_mrd_arithmetic" time="0.000" /><testcase classname="test_mrd" name="test_thresholds_match_the_published_profile" time="0.000" /><testcase classname="test_mrd" name="test_placeholder_alpha_is_declared" time="0.000" /><testcase classname="test_mrd" name="test_pairwise_gate" time="0.000" /><testcase classname="test_mrd" name="test_flat_profile_gate" time="0.000" /><testcase classname="test_mrd" name="test_distinctiveness_gate" time="0.000" /><testcase classname="test_mrd" name="test_the_whole_reference_profile_collapses_into_one_cluster" time="0.000" /><testcase classname="test_mrd" name="test_clusters_split_when_a_gap_clears_the_threshold" time="0.000" /><testcase classname="test_mrd" name="test_build_mrd_runs_in_shadow_mode_and_suppresses_nothing" time="0.000" /><testcase classname="test_mrd" name="test_build_mrd_returns_none_for_unrankable_instruments" time="0.000" /><testcase classname="test_archetype_docs" name="test_the_internal_spec_is_not_published" time="0.000" /><testcase classname="test_archetype_docs" name="test_the_guide_does_not_leak_the_internal_findings" time="0.001" /><testcase classname="test_archetype_docs" name="test_the_guide_names_all_six_archetypes_as_shipped" time="0.000" /><testcase classname="test_archetype_docs" name="test_the_guide_shadow_map_matches_the_code" time="0.001" /><testcase classname="test_archetype_docs" name="test_the_guide_counter_types_match_the_code" time="0.000" /><testcase classname="test_archetype_docs" name="test_the_guide_refuses_what_the_product_refuses" time="0.000" /><testcase classname="test_archetype_docs" name="test_the_spec_records_the_three_defects_and_the_naming_risk" time="0.001" /><testcase classname="test_archetype_docs" name="test_the_spec_overlap_table_matches_the_code" time="0.000" /><testcase classname="test_workorder_a" name="test_oversized_unauthenticated_body_is_refused" time="0.000" /><testcase classname="test_workorder_a" name="test_unauthenticated_writes_all_carry_a_limiter" time="0.000" /><testcase classname="test_workorder_a" name="test_blend_matrix_is_the_only_name_in_the_data" time="0.000" /><testcase classname="test_workorder_a" name="test_blend_read_still_produces_the_same_pair_output" time="0.000" /><testcase classname="test_workorder_a" name="test_reverse_key_guard_rejects_a_new_orphan" time="0.000" /><testcase classname="test_workorder_a" name="test_reverse_key_guard_passes_on_shipped_data" time="0.000" /><testcase classname="test_workorder_a" name="test_no_orphaned_reverse_keys_remain" time="0.000" /><testcase classname="test_workorder_a" name="test_dropping_diplomat_24_changed_no_score" time="0.001" /><testcase classname="tests.test_composites" name="test_equations_unchanged" time="0.000" /><testcase classname="tests.test_composites" name="test_gains_remain_uncalibrated" time="0.000" /><testcase classname="tests.test_composites" name="test_reference_profile_reproduces" time="0.000" /><testcase classname="tests.test_composites" name="test_self_control_is_low_for_reference_profile" time="0.000" /><testcase classname="tests.test_composites" name="test_provenance_exposes_every_contribution" time="0.000" /><testcase classname="tests.test_composites" name="test_clamping_is_recorded_not_silent" time="0.000" /><testcase classname="tests.test_composites" name="test_unclamped_globals_carry_no_clamp_flag" time="0.000" /><testcase classname="tests.test_iteration13" name="test_individual_pdfs_byte_identical" time="0.957" /><testcase classname="tests.test_iteration7_composites_api" name="test_personality_result_has_composites" time="0.755" /><testcase classname="tests.test_iteration7_composites_api" name="test_every_contribution_has_required_fields" time="0.172" /><testcase classname="tests.test_iteration7_composites_api" name="test_contributions_sum_matches_score_precise" time="0.242" /><testcase classname="tests.test_iteration7_composites_api" name="test_residual_flags_and_polarity" time="0.158" /><testcase classname="tests.test_iteration7_composites_api" name="test_composites_not_persisted_in_mongo" time="0.005" /><testcase classname="tests.test_iteration7_composites_api" name="test_no_composites_on_other_instruments" time="0.513" /><testcase classname="tests.test_iteration13" name="test_combined_has_five_instruments_and_everyday" time="0.119" /><testcase classname="tests.test_iteration13" name="test_combined_pdf_byte_identical" time="0.114" /><testcase classname="tests.test_iteration13" name="test_combined_no_sten_of_10" time="0.014" /><testcase classname="tests.test_iteration13" name="test_choosing_in_personality_result_has_no_of_10" time="0.086" /><testcase classname="tests.test_iteration13" name="test_personality_result_has_no_of_10" time="0.081" /><testcase classname="tests.test_iteration7_composites_api" name="test_arithmetic_reproduces_user_reference" time="0.000" /><testcase classname="test_no_sten_display" name="test_no_frontend_surface_reads_a_sten_except_the_composite_equation" time="0.004" /><testcase classname="test_no_sten_display" name="test_the_one_exemption_is_only_the_equation_and_is_labelled" time="0.000" /><testcase classname="tests.test_iteration13" name="test_crosscheck_synthesis_has_no_of_10" time="0.626" /><testcase classname="test_no_sten_display" name="test_no_reader_facing_backend_module_reads_a_sten" time="0.001" /><testcase classname="test_no_sten_display" name="test_the_payload_marks_the_sten_not_for_display" time="0.000" /><testcase classname="test_no_sten_display" name="test_an_even_profile_names_nothing_rather_than_the_highest_one_anyway" time="0.001" /><testcase classname="test_no_sten_display" name="test_the_position_layer_carries_a_percent_not_a_sten" time="0.000" /><testcase classname="test_ci_portability" name="test_no_test_file_hardcodes_a_pod_path" time="0.026" /><testcase classname="test_ci_portability" name="test_both_test_roots_have_a_conftest" time="0.000" /><testcase classname="test_ci_portability" name="test_every_test_file_imports_cleanly" time="0.039" /><testcase classname="test_ci_portability" name="test_no_test_file_reintroduces_its_own_dotenv_path" time="0.097" /><testcase classname="test_ci_portability" name="test_the_workflow_runs_both_roots" time="0.001" /><testcase classname="tests.test_iteration10.TestRegressionDemoUser" name="test_login_and_me" time="0.538" /><testcase classname="tests.test_iteration10.TestA2RateLimit" name="test_anon_flag_check_full_flow_not_throttled" time="0.510" /><testcase classname="tests.test_iteration10.TestRegressionDemoUser" name="test_all_instrument_results_render" time="4.883" /><testcase classname="tests.test_iteration10.TestA2RateLimit" name="test_reflections_bucket_429_after_30_and_isolated_by_xff" time="40.040" /><testcase classname="tests.test_iteration10.TestRegressionDemoUser" name="test_individual_pdf_byte_identical" time="0.415" /><testcase classname="tests.test_iteration10.TestRegressionDemoUser" name="test_combined_pdf_byte_identical" time="0.271" /><testcase classname="tests.test_iteration10.TestRegressionDemoUser" name="test_situation_switch_and_restore" time="7.926" /><testcase classname="test_immutability" name="test_first_render_is_snapshotted_and_later_reads_serve_it" time="0.014" /><testcase classname="test_immutability" name="test_display_version_bump_leaves_the_existing_snapshot_untouched" time="0.021" /><testcase classname="test_immutability" name="test_pdf_bytes_are_stored_on_first_build_and_served_after" time="0.012" /><testcase classname="test_immutability" name="test_combined_pdf_is_invalidated_but_single_reports_are_not" time="0.019" /><testcase classname="tests.test_iteration15.TestTiedEssentialResult" name="test_result_returns_tie_block_both_lenses" time="0.524" /><testcase classname="tests.test_iteration15.TestTiedEssentialResult" name="test_result_is_deterministic_across_calls" time="0.172" /><testcase classname="tests.test_iteration15.TestTiedEssentialResult" name="test_ownership_enforced_on_result" time="0.503" /><testcase classname="tests.test_iteration15.TestTiedEssentialResult" name="test_ownership_enforced_on_report_pdf" time="0.097" /><testcase classname="tests.test_iteration9.TestPosition" name="test_personality_result_carries_a_within_person_position_for_every_factor" time="0.544" /><testcase classname="tests.test_iteration9.TestPosition" name="test_no_population_block_is_returned_while_norms_are_paused" time="0.163" /><testcase classname="tests.test_iteration9.TestPosition" name="test_at_most_three_factors_are_named" time="0.162" /><testcase classname="tests.test_iteration9.TestPosition" name="test_composites_and_their_provenance_survive_the_pause" time="0.179" /><testcase classname="tests.test_iteration9.TestEverydayMirror" name="test_start_returns_49_forced_choice_items" time="0.192" /><testcase classname="tests.test_iteration9.TestEverydayMirror" name="test_reject_dotted_item_id" time="0.340" /><testcase classname="tests.test_iteration9.TestEverydayMirror" name="test_side_map_stable_within_session_random_across" time="20.130" /><testcase classname="tests.test_iteration9.TestEverydayMirror" name="test_complete_coherent_produces_scored_positions" time="1.178" /><testcase classname="tests.test_ratelimit" name="test_a_single_flag_check_is_unaffected" time="0.129" /><testcase classname="tests.test_ratelimit" name="test_the_window_closes_after_the_threshold" time="2.550" /><testcase classname="tests.test_ratelimit" name="test_a_different_origin_is_not_punished_for_it" time="3.973" /><testcase classname="tests.test_iteration10.TestA2RateLimit" name="test_auth_limiter_normal_use_ok" time="1.244" /><testcase classname="tests.test_iteration10.TestA2RateLimit" name="test_auth_failed_login_lockout_still_returns_429" time="2.676" /><testcase classname="tests.test_iteration10.TestA2RateLimit" name="test_partner_apply_oversized_body_rejected" time="0.209" /><testcase classname="tests.test_ratelimit" name="test_an_oversized_body_is_refused" time="0.086" /><testcase classname="test_count_phrasing" name="test_locked_copy_has_no_hardcoded_loudest_count" time="0.002" /><testcase classname="test_count_phrasing" name="test_the_counted_heading_covers_every_count" time="0.000" /><testcase classname="test_count_phrasing" name="test_backend_reader_copy_has_no_hardcoded_loudest_count" time="0.004" /><testcase classname="tests.test_iteration10.TestA2RateLimit" name="test_partner_apply_normal_body_succeeds" time="0.302" /><testcase classname="tests.test_iteration15.TestTiedPdfAndProse" name="test_report_pdf_renders_and_is_pdf" time="0.462" /><testcase classname="test_requirements_portability" name="test_no_requirement_points_at_a_url_or_local_path" time="0.001" /><testcase classname="test_requirements_portability" name="test_no_pod_only_package_is_pinned" time="0.001" /><testcase classname="test_requirements_portability" name="test_every_line_is_a_pinned_public_requirement" time="0.002" /><testcase classname="tests.test_iteration15.TestTiedPdfAndProse" name="test_result_has_choosing_prose_naming_both" time="0.338" /><testcase classname="tests.test_iteration15.TestRegressionOtherInstruments" name="test_ui_demo_has_completed_all_four" time="0.495" /><testcase classname="tests.test_iteration15.TestTiedPdfAndProse" name="test_result_has_no_banned_of_10_phrase_regression" time="0.133" /><testcase classname="tests.test_iteration15.TestRegressionOtherInstruments" name="test_combined_pdf_renders" time="0.165" /><testcase classname="tests.test_iteration15.TestRegressionOtherInstruments" name="test_each_instrument_result_still_returns_200" time="0.716" /><testcase classname="tests.test_iteration9.TestSnapshotImmutability" name="test_pdf_bytes_identical_on_two_fetches" time="1.036" /><testcase classname="tests.test_iteration9.TestAuthOwnership" name="test_anon_start_401" time="0.279" /><testcase classname="tests.test_iteration9.TestSnapshotImmutability" name="test_result_json_identical_on_two_fetches" time="0.492" /><testcase classname="tests.test_iteration9.TestAuthOwnership" name="test_cross_user_403_result" time="0.582" /><testcase classname="tests.test_iteration9.TestSnapshotImmutability" name="test_situation_switch_changes_pdf_then_restores" time="1.232" /><testcase classname="tests.test_iteration9.TestAuthOwnership" name="test_cross_user_403_pdf" time="0.175" /><testcase classname="tests.test_iteration10.TestB2MRDDiagnostics" name="test_mrd_endpoint_returns_sd_units_and_per_set_rates" time="0.886" /><testcase classname="test_locked_copy" name="test_locked_copy_hashes_unchanged" time="0.002" /><testcase classname="test_locked_copy" name="test_validated_only_for_established_instruments" time="0.001" /><testcase classname="tests.test_iteration10.TestB2MRDDiagnostics" name="test_mrd_requires_auth" time="0.145" /><testcase classname="tests.test_iteration10.TestA4EssentialBlend" name="test_fresh_essential_completion_carries_both_blend_and_compatibility" time="1.030" /><testcase classname="tests.test_iteration9.TestPartners" name="test_audience_options" time="0.244" /><testcase classname="tests.test_iteration9.TestPartners" name="test_apply_success_and_rate_limit_and_invalid_audience" time="1.356" /><testcase classname="tests.test_iteration10.TestB1FifteenFactors" name="test_personality_instructions_say_fifteen" time="0.579" /><testcase classname="tests.test_iteration15.TestJunctionCheckAnonymous" name="test_full_junction_flow" time="0.433" /><testcase classname="tests.test_iteration15.TestEssentialTieAPIContract" name="test_new_essential_all_3s_produces_tied_result" time="0.928" /><testcase classname="tests.test_iteration15.TestFlagCheckAnonymous" name="test_flag_reflection_start_and_complete" time="0.385" /><testcase classname="tests.test_snapshot_hygiene" name="test_no_current_narrative_carries_copy_that_no_longer_ships" time="0.089" /></testsuite></testsuites>