<?xml version="1.0" encoding="utf-8"?><testsuites name="pytest tests"><testsuite name="pytest" errors="0" failures="2" skipped="0" tests="170" time="158.109" timestamp="2026-09-04T17:02:09.647765+00:00" hostname="agent-env-3e9f5ab4-8a3a-4e7a-88d1-31c9d6f63cfa"><testcase classname="tests.test_iteration6" name="test_bug3_personality_no_adjacent_same_factor" time="0.454" /><testcase classname="tests.test_iteration6" name="test_bug3_eq_no_adjacent_same_sub" time="0.000" /><testcase classname="tests.test_iteration6" name="test_bug3_essential_no_adjacent_same_category_within_lens" time="0.001" /><testcase classname="tests.test_iteration6" name="test_bug3_closeness_preserves_spec_order" time="0.000" /><testcase classname="tests.test_iteration6" name="test_bug3_order_stable_on_resume" time="0.982" /><testcase classname="tests.test_pdf_report" name="test_pdf_401_without_token" time="3.803" /><testcase classname="tests.test_iteration6" name="test_bug1_choosing_block_present_all_four_result_endpoint" time="2.763" /><testcase classname="tests.test_pdf_report" name="test_pdf_403_other_user" time="0.558" /><testcase classname="tests.test_iteration6" name="test_bug1_choosing_block_present_on_complete_endpoint" time="0.727" /><testcase classname="tests.test_pdf_report" name="test_pdf_404_unknown_session" time="0.239" /><testcase classname="tests.test_pdf_report" name="test_pdf_409_incomplete" time="0.286" /><testcase classname="tests.test_pdf_report" name="test_pdf_happy_path[essential]" time="0.235" /><testcase classname="tests.test_iteration6" name="test_bug1_choosing_quotes_real_numbers" time="0.362" /><testcase classname="tests.test_pdf_report" name="test_pdf_happy_path[personality]" time="0.241" /><testcase classname="tests.test_iteration6" name="test_bug1_choosing_not_stored_in_snapshot" time="0.007" /><testcase classname="tests.test_iteration6" name="test_bug1_choosing_in_per_result_pdf" time="0.453" /><testcase classname="tests.test_pdf_report" name="test_pdf_happy_path[eq]" time="0.183" /><testcase classname="tests.test_pdf_report" name="test_pdf_happy_path[closeness]" time="0.145" /><testcase classname="tests.test_pdf_report" name="test_pdf_content_required[essential]" time="0.219" /><testcase classname="tests.test_iteration6" name="test_bug1_choosing_in_combined_pdf" time="0.179" /><testcase classname="tests.test_pdf_report" name="test_pdf_content_required[personality]" time="0.220" /><testcase classname="tests.test_iteration6" name="test_bug2_findings_return_agreements_and_synthesis" time="0.093" /><testcase classname="tests.test_iteration6" name="test_bug2_agreements_only_when_close" time="0.000" /><testcase classname="tests.test_iteration6" name="test_bug2_tensions_only_when_far" time="0.000" /><testcase classname="tests.test_iteration6" name="test_bug2_convergent_and_divergent_via_api" time="1.639" /><testcase classname="tests.test_pdf_report" name="test_pdf_content_required[eq]" time="0.290" /><testcase classname="tests.test_pdf_report" name="test_pdf_content_required[closeness]" time="0.125" /><testcase classname="tests.test_pdf_report" name="test_pdf_forbidden_content[essential]" time="0.252" /><testcase classname="tests.test_pdf_report" name="test_pdf_forbidden_content[personality]" time="0.163" /><testcase classname="tests.test_pdf_report" name="test_pdf_forbidden_content[eq]" time="0.136" /><testcase classname="tests.test_pdf_report" name="test_pdf_forbidden_content[closeness]" time="0.140" /><testcase classname="tests.test_pdf_report" name="test_closeness_no_band_or_percentile" time="0.152" /><testcase classname="tests.test_pdf_report" name="test_essential_numbers_match" time="0.339" /><testcase classname="tests.test_iteration6" name="test_bug2_no_crosscheck_with_one_instrument" time="0.761" /><testcase classname="tests.test_pdf_report" name="test_eq_numbers_match" time="0.507" /><testcase classname="tests.test_pdf_report" name="test_personality_numbers_match" time="0.305"><failure message="AssertionError: only 8/15 factor stens found&#10;assert 8 &gt;= (15 * 0.6)&#10; +  where 15 = len([6, 7, 7, 7, 5, 5, ...])">backend/tests/test_pdf_report.py:267: in test_personality_numbers_match
    assert found &gt;= len(stens) * 0.6, f"only {found}/{len(stens)} factor stens found"
E   AssertionError: only 8/15 factor stens found
E   assert 8 &gt;= (15 * 0.6)
E    +  where 15 = len([6, 7, 7, 7, 5, 5, ...])</failure></testcase><testcase classname="tests.test_iteration6" name="test_bug2_combined_pdf_has_agreement_finding_and_synthesis" time="0.112" /><testcase classname="tests.test_iteration6" name="test_regression_item_counts" time="0.001" /><testcase classname="tests.test_pdf_report" name="test_closeness_numbers_match" time="0.523" /><testcase classname="tests.test_mirror_v2" name="test_instruments_list" time="0.473" /><testcase classname="tests.test_mirror_v2" name="test_essential_lifecycle" time="0.848" /><testcase classname="tests.test_pdf_report" name="test_situation_framing_differs_numbers_same" time="3.683" /><testcase classname="tests.test_mirror_v2" name="test_personality_lifecycle" time="0.643" /><testcase classname="tests.test_mirror_v2" name="test_eq_lifecycle" time="0.455" /><testcase classname="tests.test_mirror_v2" name="test_closeness_lifecycle_no_bands" time="0.287" /><testcase classname="tests.test_mirror_v2" name="test_immutability_and_double_complete" time="0.484" /><testcase classname="tests.test_mirror_v2" name="test_unknown_instrument_404" time="0.074" /><testcase classname="tests.test_mirror_v2" name="test_out_of_range_value_400" time="0.186" /><testcase classname="tests.test_mirror_v2" name="test_put_on_completed_409" time="0.354" /><testcase classname="tests.test_mirror_v2" name="test_flag_check_result_shape_no_score" time="0.245" /><testcase classname="tests.test_mirror_v2" name="test_flag_safety_yes" time="0.219" /><testcase classname="tests.test_pdf_report" name="test_essential_delta_wording_direction" time="1.883" /><testcase classname="tests.test_mirror_v2" name="test_flag_safety_unsure" time="0.188" /><testcase classname="tests.test_mirror_v2" name="test_flag_insufficient" time="0.214" /><testcase classname="tests.test_mirror_v2" name="test_mirrors_summary_and_findings" time="0.831" /><testcase classname="tests.test_mirror_v2" name="test_findings_empty_below_two" time="0.344" /><testcase classname="tests.test_mirror_v2" name="test_everyday_lifecycle" time="0.288" /><testcase classname="tests.test_pdf_report" name="test_essential_flat_all_ones" time="1.213" /><testcase classname="tests.test_mirror_v2" name="test_everyday_items_are_forced_choice_pairs" time="0.154" /><testcase classname="tests.test_mirror_v2" name="test_everyday_side_map_is_stored_and_randomised" time="0.303" /><testcase classname="tests.test_auth" name="test_register_returns_user_and_token" time="0.395" /><testcase classname="tests.test_auth" name="test_register_normalises_email_lowercase" time="0.326" /><testcase classname="tests.test_auth" name="test_register_duplicate_email_409" time="0.407" /><testcase classname="tests.test_pdf_report" name="test_essential_flat_all_fives" time="1.302" /><testcase classname="tests.test_auth" name="test_register_short_password_422" time="0.091" /><testcase classname="tests.test_auth" name="test_register_invalid_situation_422" time="0.091" /><testcase classname="tests.test_auth" name="test_login_success_shared_user" time="0.380" /><testcase classname="tests.test_auth" name="test_login_wrong_password_401" time="0.322" /><testcase classname="tests.test_auth" name="test_me_returns_situation_label" time="0.405" /><testcase classname="tests.test_pdf_report" name="test_personality_flagged_validity" time="1.576" /><testcase classname="tests.test_auth" name="test_me_no_token_401" time="0.102" /><testcase classname="tests.test_auth" name="test_me_garbage_token_401" time="0.097" /><testcase classname="tests.test_auth" name="test_brute_force_lockout" time="2.199" /><testcase classname="tests.test_iteration5" name="test_combined_pdf_401_no_token" time="0.304" /><testcase classname="tests.test_iteration5" name="test_combined_pdf_409_when_no_completions" time="0.775" /><testcase classname="tests.test_auth" name="test_assessment_start_requires_auth" time="0.235" /><testcase classname="tests.test_auth" name="test_assessment_start_ok_with_bearer_and_stamps_user" time="0.509" /><testcase classname="tests.test_auth" name="test_flag_check_open_no_auth" time="0.291" /><testcase classname="tests.test_iteration5" name="test_combined_pdf_one_instrument_shape" time="1.076" /><testcase classname="tests.test_auth" name="test_me_sessions_lists_completed_only_for_owner" time="1.455" /><testcase classname="tests.test_auth" name="test_claim_only_attaches_unowned_and_not_stolen" time="1.340" /><testcase classname="tests.test_iteration5" name="test_combined_pdf_four_instruments" time="2.736" /><testcase classname="tests.test_iteration5" name="test_combined_pdf_crosscheck_matches_findings_endpoint" time="0.261" /><testcase classname="tests.test_junction" name="test_the_six_questions_are_served_without_an_account" time="40.023"><failure message="requests.exceptions.ConnectTimeout: HTTPSConnectionPool(host='relationship-delta.preview.emergentagent.com', port=443): Max retries exceeded with url: /api/v2/junction/share-payload (Caused by ConnectTimeoutError(&lt;HTTPSConnection(host='relationship-delta.preview.emergentagent.com', port=443) at 0xffa17eb69f90&gt;, 'Connection to relationship-delta.preview.emergentagent.com timed out. (connect timeout=20)'))">/root/.venv/lib/python3.11/site-packages/urllib3/connection.py:204: in _new_conn
    sock = connection.create_connection(
/root/.venv/lib/python3.11/site-packages/urllib3/util/connection.py:85: in create_connection
    raise err
/root/.venv/lib/python3.11/site-packages/urllib3/util/connection.py:73: in create_connection
    sock.connect(sa)
E   TimeoutError: timed out

The above exception was the direct cause of the following exception:
/root/.venv/lib/python3.11/site-packages/urllib3/connectionpool.py:788: in urlopen
    response = self._make_request(
/root/.venv/lib/python3.11/site-packages/urllib3/connectionpool.py:488: in _make_request
    raise new_e
/root/.venv/lib/python3.11/site-packages/urllib3/connectionpool.py:464: in _make_request
    self._validate_conn(conn)
/root/.venv/lib/python3.11/site-packages/urllib3/connectionpool.py:1106: in _validate_conn
    conn.connect()
/root/.venv/lib/python3.11/site-packages/urllib3/connection.py:759: in connect
    self.sock = sock = self._new_conn()
                       ^^^^^^^^^^^^^^^^
/root/.venv/lib/python3.11/site-packages/urllib3/connection.py:213: in _new_conn
    raise ConnectTimeoutError(
E   urllib3.exceptions.ConnectTimeoutError: (&lt;HTTPSConnection(host='relationship-delta.preview.emergentagent.com', port=443) at 0xffa17eb69f90&gt;, 'Connection to relationship-delta.preview.emergentagent.com timed out. (connect timeout=20)')

The above exception was the direct cause of the following exception:
/root/.venv/lib/python3.11/site-packages/requests/adapters.py:696: in send
    resp = conn.urlopen(
/root/.venv/lib/python3.11/site-packages/urllib3/connectionpool.py:842: in urlopen
    retries = retries.increment(
/root/.venv/lib/python3.11/site-packages/urllib3/util/retry.py:543: in increment
    raise MaxRetryError(_pool, url, reason) from reason  # type: ignore[arg-type]
    ^^^^^^^^^^^^^^^^^^^^^^^^^^^^^^^^^^^^^^^^^^^^^^^^^^^
E   urllib3.exceptions.MaxRetryError: HTTPSConnectionPool(host='relationship-delta.preview.emergentagent.com', port=443): Max retries exceeded with url: /api/v2/junction/share-payload (Caused by ConnectTimeoutError(&lt;HTTPSConnection(host='relationship-delta.preview.emergentagent.com', port=443) at 0xffa17eb69f90&gt;, 'Connection to relationship-delta.preview.emergentagent.com timed out. (connect timeout=20)'))

During handling of the above exception, another exception occurred:
backend/tests/test_junction.py:55: in test_the_six_questions_are_served_without_an_account
    r = http.get(f"{API}/share-payload", headers=_own_ip(), timeout=20)
        ^^^^^^^^^^^^^^^^^^^^^^^^^^^^^^^^^^^^^^^^^^^^^^^^^^^^^^^^^^^^^^^
/root/.venv/lib/python3.11/site-packages/requests/sessions.py:671: in get
    return self.request("GET", url, params=params, **kwargs)
           ^^^^^^^^^^^^^^^^^^^^^^^^^^^^^^^^^^^^^^^^^^^^^^^^^
/root/.venv/lib/python3.11/site-packages/requests/sessions.py:651: in request
    resp = self.send(prep, **send_kwargs)
           ^^^^^^^^^^^^^^^^^^^^^^^^^^^^^^
/root/.venv/lib/python3.11/site-packages/requests/sessions.py:784: in send
    r = adapter.send(request, **kwargs)
        ^^^^^^^^^^^^^^^^^^^^^^^^^^^^^^^
/root/.venv/lib/python3.11/site-packages/requests/adapters.py:717: in send
    raise ConnectTimeout(e, request=request)
E   requests.exceptions.ConnectTimeout: HTTPSConnectionPool(host='relationship-delta.preview.emergentagent.com', port=443): Max retries exceeded with url: /api/v2/junction/share-payload (Caused by ConnectTimeoutError(&lt;HTTPSConnection(host='relationship-delta.preview.emergentagent.com', port=443) at 0xffa17eb69f90&gt;, 'Connection to relationship-delta.preview.emergentagent.com timed out. (connect timeout=20)'))</failure></testcase><testcase classname="tests.test_iteration5" name="test_combined_pdf_numbers_match_result" time="0.270" /><testcase classname="tests.test_iteration5" name="test_combined_pdf_dedupes_to_most_recent" time="58.170" /><testcase classname="tests.test_junction" name="test_a_reader_with_no_account_completes_end_to_end" time="0.291" /><testcase classname="tests.test_junction" name="test_what_they_could_not_answer_is_named" time="0.202" /><testcase classname="tests.test_junction" name="test_prefer_not_to_say_appears_as_chosen_not_as_missing" time="0.209" /><testcase classname="tests.test_junction" name="test_the_result_carries_no_score_band_or_alignment" time="0.227" /><testcase classname="tests.test_junction" name="test_nothing_answered_cannot_be_completed" time="0.144" /><testcase classname="tests.test_junction" name="test_an_unknown_answer_is_refused" time="0.171" /><testcase classname="tests.test_junction" name="test_an_unfinished_check_resumes" time="0.268" /><testcase classname="tests.test_junction" name="test_an_anonymous_check_claims_onto_an_account_created_afterwards" time="0.576" /><testcase classname="tests.test_junction" name="test_a_claimed_check_cannot_be_claimed_by_a_second_account" time="0.947" /><testcase classname="tests.test_junction" name="test_the_limiter_fires_and_a_single_completion_is_unaffected" time="2.956" /><testcase classname="tests.test_junction" name="test_an_oversized_body_is_refused" time="0.077" /><testcase classname="tests.test_junction" name="test_the_cron_endpoint_refuses_without_the_secret" time="0.130" /><testcase classname="tests.test_junction" name="test_the_purge_deletes_unclaimed_answers_older_than_ninety_days" time="0.207" /><testcase classname="tests.test_iteration3" name="test_forgot_password_returns_sent_true_for_existing_user" time="11.954" /><testcase classname="tests.test_iteration3" name="test_forgot_password_no_enumeration" time="0.129" /><testcase classname="tests.test_iteration5" name="test_combined_pdf_no_cross_user_leak" time="3.325" /><testcase classname="tests.test_iteration3" name="test_reset_password_garbage_token_400" time="0.316" /><testcase classname="tests.test_iteration3" name="test_reset_password_expired_token_400" time="0.586" /><testcase classname="tests.test_iteration3" name="test_reset_password_happy_path_and_single_use" time="1.351" /><testcase classname="tests.test_iteration3" name="test_reset_clears_lockout" time="2.941" /><testcase classname="tests.test_iteration5" name="test_situation_patch_401_no_token" time="0.266" /><testcase classname="tests.test_iteration5" name="test_situation_patch_400_invalid_value" time="0.797" /><testcase classname="tests.test_iteration5" name="test_situation_patch_valid_values[single_dating-Single &amp; dating]" time="8.457" /><testcase classname="tests.test_iteration3" name="test_ownership_403_on_responses" time="0.836" /><testcase classname="tests.test_iteration3" name="test_ownership_403_on_complete" time="1.160" /><testcase classname="tests.test_iteration3" name="test_ownership_403_on_result_fetch" time="1.280" /><testcase classname="tests.test_iteration3" name="test_scoring_independent_of_situation[essential]" time="2.394" /><testcase classname="tests.test_iteration3" name="test_scoring_independent_of_situation[personality]" time="2.660" /><testcase classname="tests.test_iteration5" name="test_situation_patch_valid_values[in_relationship-In a relationship]" time="6.146" /><testcase classname="tests.test_iteration3" name="test_scoring_independent_of_situation[eq]" time="2.197" /><testcase classname="tests.test_iteration3" name="test_scoring_independent_of_situation[closeness]" time="2.196" /><testcase classname="tests.test_composites" name="test_equations_unchanged" time="0.000" /><testcase classname="tests.test_composites" name="test_gains_remain_uncalibrated" time="0.000" /><testcase classname="tests.test_composites" name="test_reference_profile_reproduces" time="0.000" /><testcase classname="tests.test_composites" name="test_self_control_is_low_for_reference_profile" time="0.000" /><testcase classname="tests.test_composites" name="test_provenance_exposes_every_contribution" time="0.000" /><testcase classname="tests.test_composites" name="test_clamping_is_recorded_not_silent" time="0.000" /><testcase classname="tests.test_composites" name="test_unclamped_globals_carry_no_clamp_flag" time="0.000" /><testcase classname="tests.test_iteration7_composites_api" name="test_personality_result_has_composites" time="0.693" /><testcase classname="tests.test_iteration7_composites_api" name="test_every_contribution_has_required_fields" time="0.264" /><testcase classname="tests.test_iteration7_composites_api" name="test_contributions_sum_matches_score_precise" time="0.179" /><testcase classname="tests.test_iteration5" name="test_situation_patch_valid_values[post_breakup-Post-breakup]" time="1.160" /><testcase classname="tests.test_iteration7_composites_api" name="test_residual_flags_and_polarity" time="0.136" /><testcase classname="tests.test_iteration7_composites_api" name="test_composites_not_persisted_in_mongo" time="0.004" /><testcase classname="tests.test_iteration7_composites_api" name="test_no_composites_on_other_instruments" time="0.621" /><testcase classname="tests.test_iteration7_composites_api" name="test_arithmetic_reproduces_user_reference" time="0.000" /><testcase classname="tests.test_iteration10.TestA2RateLimit" name="test_anon_flag_check_full_flow_not_throttled" time="0.894" /><testcase classname="tests.test_iteration5" name="test_situation_switch_does_not_rescore" time="1.082" /><testcase classname="tests.test_iteration10.TestA2RateLimit" name="test_reflections_bucket_429_after_30_and_isolated_by_xff" time="5.285" /><testcase classname="tests.test_iteration5" name="test_situation_switch_reframes_per_result_pdf" time="1.057" /><testcase classname="tests.test_iteration5" name="test_situation_switch_reframes_combined_pdf" time="1.796" /><testcase classname="tests.test_iteration10.TestRegressionDemoUser" name="test_login_and_me" time="0.550" /><testcase classname="tests.test_iteration10.TestRegressionDemoUser" name="test_all_instrument_results_render" time="2.915" /><testcase classname="tests.test_iteration10.TestA2RateLimit" name="test_auth_limiter_normal_use_ok" time="1.131" /><testcase classname="tests.test_iteration10.TestA2RateLimit" name="test_auth_failed_login_lockout_still_returns_429" time="2.502" /><testcase classname="tests.test_iteration10.TestRegressionDemoUser" name="test_individual_pdf_byte_identical" time="0.722" /><testcase classname="tests.test_iteration10.TestRegressionDemoUser" name="test_combined_pdf_byte_identical" time="0.455" /><testcase classname="tests.test_iteration10.TestRegressionDemoUser" name="test_situation_switch_and_restore" time="1.104" /><testcase classname="tests.test_iteration10.TestA2RateLimit" name="test_partner_apply_oversized_body_rejected" time="0.199" /><testcase classname="tests.test_iteration10.TestA2RateLimit" name="test_partner_apply_normal_body_succeeds" time="0.296" /><testcase classname="tests.test_iteration9.TestPosition" name="test_personality_result_carries_a_within_person_position_for_every_factor" time="0.480" /><testcase classname="tests.test_iteration9.TestPosition" name="test_no_population_block_is_returned_while_norms_are_paused" time="0.265" /><testcase classname="tests.test_iteration9.TestPosition" name="test_at_most_three_factors_are_named" time="0.129" /><testcase classname="tests.test_iteration9.TestEverydayMirror" name="test_start_returns_49_forced_choice_items" time="0.542" /><testcase classname="tests.test_iteration9.TestPosition" name="test_composites_and_their_provenance_survive_the_pause" time="0.140" /><testcase classname="tests.test_iteration9.TestEverydayMirror" name="test_reject_dotted_item_id" time="0.402" /><testcase classname="tests.test_ratelimit" name="test_a_single_flag_check_is_unaffected" time="0.175" /><testcase classname="tests.test_ratelimit" name="test_the_window_closes_after_the_threshold" time="3.016" /><testcase classname="tests.test_iteration9.TestEverydayMirror" name="test_side_map_stable_within_session_random_across" time="0.454" /><testcase classname="tests.test_iteration9.TestEverydayMirror" name="test_complete_coherent_produces_scored_positions" time="0.997" /><testcase classname="tests.test_iteration9.TestSnapshotImmutability" name="test_pdf_bytes_identical_on_two_fetches" time="0.342" /><testcase classname="tests.test_iteration9.TestSnapshotImmutability" name="test_result_json_identical_on_two_fetches" time="0.295" /><testcase classname="tests.test_iteration9.TestSnapshotImmutability" name="test_situation_switch_changes_pdf_then_restores" time="36.531" /><testcase classname="tests.test_ratelimit" name="test_a_different_origin_is_not_punished_for_it" time="2.906" /><testcase classname="tests.test_ratelimit" name="test_an_oversized_body_is_refused" time="0.109" /><testcase classname="tests.test_iteration9.TestAuthOwnership" name="test_anon_start_401" time="0.154" /><testcase classname="tests.test_iteration9.TestAuthOwnership" name="test_cross_user_403_result" time="0.510" /><testcase classname="tests.test_iteration9.TestAuthOwnership" name="test_cross_user_403_pdf" time="0.226" /><testcase classname="tests.test_iteration10.TestA4EssentialBlend" name="test_fresh_essential_completion_carries_both_blend_and_compatibility" time="0.892" /><testcase classname="tests.test_iteration10.TestB1FifteenFactors" name="test_personality_instructions_say_fifteen" time="0.514" /><testcase classname="tests.test_iteration10.TestB2MRDDiagnostics" name="test_mrd_endpoint_returns_sd_units_and_per_set_rates" time="36.628" /><testcase classname="tests.test_iteration10.TestB2MRDDiagnostics" name="test_mrd_requires_auth" time="0.128" /><testcase classname="tests.test_iteration9.TestPartners" name="test_audience_options" time="0.169" /><testcase classname="tests.test_iteration9.TestPartners" name="test_apply_success_and_rate_limit_and_invalid_audience" time="0.813" /></testsuite></testsuites>