<?xml version="1.0" encoding="utf-8"?><testsuites name="pytest tests"><testsuite name="pytest" errors="0" failures="0" skipped="0" tests="15" time="6.961" timestamp="2026-08-17T17:53:18.573927+00:00" hostname="agent-env-3e9f5ab4-8a3a-4e7a-88d1-31c9d6f63cfa"><testcase classname="tests.test_mirror_v2" name="test_instruments_list" time="0.553" /><testcase classname="tests.test_mirror_v2" name="test_essential_lifecycle" time="0.576" /><testcase classname="tests.test_mirror_v2" name="test_personality_lifecycle" time="0.623" /><testcase classname="tests.test_mirror_v2" name="test_eq_lifecycle" time="0.522" /><testcase classname="tests.test_mirror_v2" name="test_closeness_lifecycle_no_bands" time="0.380" /><testcase classname="tests.test_mirror_v2" name="test_immutability_and_double_complete" time="0.669" /><testcase classname="tests.test_mirror_v2" name="test_unknown_instrument_404" time="0.091" /><testcase classname="tests.test_mirror_v2" name="test_out_of_range_value_400" time="0.175" /><testcase classname="tests.test_mirror_v2" name="test_put_on_completed_409" time="0.473" /><testcase classname="tests.test_mirror_v2" name="test_flag_check_result_shape_no_score" time="0.248" /><testcase classname="tests.test_mirror_v2" name="test_flag_safety_yes" time="0.290" /><testcase classname="tests.test_mirror_v2" name="test_flag_safety_unsure" time="0.306" /><testcase classname="tests.test_mirror_v2" name="test_flag_insufficient" time="0.280" /><testcase classname="tests.test_mirror_v2" name="test_mirrors_summary_and_findings" time="1.147" /><testcase classname="tests.test_mirror_v2" name="test_findings_empty_below_two" time="0.499" /></testsuite></testsuites>