<?xml version="1.0" encoding="utf-8"?><testsuites name="pytest tests"><testsuite name="pytest" errors="0" failures="0" skipped="0" tests="31" time="13.112" timestamp="2026-08-17T18:23:32.267234+00:00" hostname="agent-env-3e9f5ab4-8a3a-4e7a-88d1-31c9d6f63cfa"><testcase classname="tests.test_auth" name="test_register_returns_user_and_token" time="0.491" /><testcase classname="tests.test_auth" name="test_register_normalises_email_lowercase" time="0.315" /><testcase classname="tests.test_auth" name="test_register_duplicate_email_409" time="0.407" /><testcase classname="tests.test_auth" name="test_register_short_password_422" time="0.083" /><testcase classname="tests.test_auth" name="test_register_invalid_situation_422" time="0.097" /><testcase classname="tests.test_auth" name="test_login_success_shared_user" time="0.352" /><testcase classname="tests.test_auth" name="test_login_wrong_password_401" time="0.296" /><testcase classname="tests.test_auth" name="test_me_returns_situation_label" time="0.385" /><testcase classname="tests.test_auth" name="test_me_no_token_401" time="0.075" /><testcase classname="tests.test_auth" name="test_me_garbage_token_401" time="0.077" /><testcase classname="tests.test_auth" name="test_brute_force_lockout" time="1.968" /><testcase classname="tests.test_auth" name="test_assessment_start_requires_auth" time="0.082" /><testcase classname="tests.test_auth" name="test_assessment_start_ok_with_bearer_and_stamps_user" time="0.496" /><testcase classname="tests.test_auth" name="test_flag_check_open_no_auth" time="0.247" /><testcase classname="tests.test_auth" name="test_me_sessions_lists_completed_only_for_owner" time="1.156" /><testcase classname="tests.test_auth" name="test_claim_only_attaches_unowned_and_not_stolen" time="1.153" /><testcase classname="tests.test_mirror_v2" name="test_instruments_list" time="0.538" /><testcase classname="tests.test_mirror_v2" name="test_essential_lifecycle" time="0.389" /><testcase classname="tests.test_mirror_v2" name="test_personality_lifecycle" time="0.481" /><testcase classname="tests.test_mirror_v2" name="test_eq_lifecycle" time="0.458" /><testcase classname="tests.test_mirror_v2" name="test_closeness_lifecycle_no_bands" time="0.294" /><testcase classname="tests.test_mirror_v2" name="test_immutability_and_double_complete" time="0.428" /><testcase classname="tests.test_mirror_v2" name="test_unknown_instrument_404" time="0.088" /><testcase classname="tests.test_mirror_v2" name="test_out_of_range_value_400" time="0.151" /><testcase classname="tests.test_mirror_v2" name="test_put_on_completed_409" time="0.357" /><testcase classname="tests.test_mirror_v2" name="test_flag_check_result_shape_no_score" time="0.217" /><testcase classname="tests.test_mirror_v2" name="test_flag_safety_yes" time="0.226" /><testcase classname="tests.test_mirror_v2" name="test_flag_safety_unsure" time="0.210" /><testcase classname="tests.test_mirror_v2" name="test_flag_insufficient" time="0.236" /><testcase classname="tests.test_mirror_v2" name="test_mirrors_summary_and_findings" time="0.915" /><testcase classname="tests.test_mirror_v2" name="test_findings_empty_below_two" time="0.377" /></testsuite></testsuites>